                            < M A T L A B (R) >
                  Copyright 1984-2016 The MathWorks, Inc.
                   R2016b (9.1.0.441655) 64-bit (glnxa64)
                             September 7, 2016

* func_name: cf_schwefel12 + test_num: 3 + func_dim: 10
* algo_name: PSO + algo_fe_max: 500
test  1: opt_y = +8.8797e+00 || runtime = 1.06e-01 || fe_runtime = 4.74e-03 || fe_num = 500 <- opt_x [+2.25e+00 ... +6.03e-01]
test  2: opt_y = +2.9051e+01 || runtime = 2.32e-02 || fe_runtime = 9.28e-04 || fe_num = 500 <- opt_x [-2.07e+00 ... -2.05e+00]
test  3: opt_y = +2.2321e+01 || runtime = 9.66e-03 || fe_runtime = 3.75e-04 || fe_num = 500 <- opt_x [+2.31e+00 ... +1.35e+00]
$------- Summary -------$:
* func_name: cf_schwefel12 + test_num: 3 + func_dim: 10
* algo_name: PSO + algo_fe_max: 500
   opt_y      --- Mean & Std: 2.01e+01  &  1.03e+01
   runtime    --- Mean & Std: 4.63e-02  &  5.22e-02
   fe_runtime --- Mean & Std: 2.01e-03  &  2.38e-03
   fe_ratio   --- Mean & Std:    4.44%  &     0.00%
   fe_num     --- Mean & Std: 5.00e+02  &  0.00e+00
Total run time: 0.415190 seconds.


* func_name: cf_schwefel12 + test_num: 3 + func_dim: 100
* algo_name: PSO + algo_fe_max: 500
test  1: opt_y = +2.2987e+03 || runtime = 3.68e-02 || fe_runtime = 8.46e-03 || fe_num = 500 <- opt_x [-2.65e+00 ... -1.22e+00]
test  2: opt_y = +3.0820e+03 || runtime = 2.66e-02 || fe_runtime = 7.57e-03 || fe_num = 500 <- opt_x [-6.69e+00 ... -5.20e+00]
test  3: opt_y = +3.9552e+03 || runtime = 2.05e-02 || fe_runtime = 6.96e-03 || fe_num = 500 <- opt_x [+1.39e+00 ... -3.96e-01]
$------- Summary -------$:
* func_name: cf_schwefel12 + test_num: 3 + func_dim: 100
* algo_name: PSO + algo_fe_max: 500
   opt_y      --- Mean & Std: 3.11e+03  &  8.29e+02
   runtime    --- Mean & Std: 2.80e-02  &  8.27e-03
   fe_runtime --- Mean & Std: 7.66e-03  &  7.50e-04
   fe_ratio   --- Mean & Std:   26.39%  &     0.00%
   fe_num     --- Mean & Std: 5.00e+02  &  0.00e+00
Total run time: 0.103918 seconds.


* func_name: cf_schwefel12 + test_num: 3 + func_dim: 1000
* algo_name: PSO + algo_fe_max: 500
test  1: opt_y = +2.3899e+05 || runtime = 8.98e-01 || fe_runtime = 8.69e-01 || fe_num = 500 <- opt_x [-7.30e-01 ... +3.69e+00]
test  2: opt_y = +3.4160e+05 || runtime = 8.93e-01 || fe_runtime = 8.64e-01 || fe_num = 500 <- opt_x [+1.83e-01 ... -2.74e+00]
test  3: opt_y = +2.6307e+05 || runtime = 8.80e-01 || fe_runtime = 8.51e-01 || fe_num = 500 <- opt_x [-2.55e+00 ... -5.52e+00]
$------- Summary -------$:
* func_name: cf_schwefel12 + test_num: 3 + func_dim: 1000
* algo_name: PSO + algo_fe_max: 500
   opt_y      --- Mean & Std: 2.81e+05  &  5.37e+04
   runtime    --- Mean & Std: 8.90e-01  &  9.12e-03
   fe_runtime --- Mean & Std: 8.62e-01  &  9.28e-03
   fe_ratio   --- Mean & Std:   96.75%  &     0.00%
   fe_num     --- Mean & Std: 5.00e+02  &  0.00e+00
Total run time: 2.685344 seconds.


* func_name: cf_schwefel12 + test_num: 3 + func_dim: 10000
* algo_name: PSO + algo_fe_max: 500
test  1: opt_y = +4.8069e+07 || runtime = 7.35e+01 || fe_runtime = 7.33e+01 || fe_num = 500 <- opt_x [-3.52e+00 ... +4.15e+00]
test  2: opt_y = +3.0212e+07 || runtime = 7.29e+01 || fe_runtime = 7.27e+01 || fe_num = 500 <- opt_x [+8.56e+00 ... -7.25e-01]
test  3: opt_y = +2.7839e+07 || runtime = 7.28e+01 || fe_runtime = 7.26e+01 || fe_num = 500 <- opt_x [-3.78e+00 ... -4.39e-02]
$------- Summary -------$:
* func_name: cf_schwefel12 + test_num: 3 + func_dim: 10000
* algo_name: PSO + algo_fe_max: 500
   opt_y      --- Mean & Std: 3.54e+07  &  1.11e+07
   runtime    --- Mean & Std: 7.30e+01  &  3.55e-01
   fe_runtime --- Mean & Std: 7.29e+01  &  3.49e-01
   fe_ratio   --- Mean & Std:   99.79%  &     0.00%
   fe_num     --- Mean & Std: 5.00e+02  &  0.00e+00
Total run time: 219.165354 seconds.


* func_name: cf_schwefel12 + test_num: 3 + func_dim: 100000
* algo_name: PSO + algo_fe_max: 500
test  1: opt_y = +2.7261e+09 || runtime = 9.19e+03 || fe_runtime = 9.19e+03 || fe_num = 500 <- opt_x [+5.19e-01 ... +1.67e+00]
test  2: opt_y = +2.6211e+09 || runtime = 9.12e+03 || fe_runtime = 9.11e+03 || fe_num = 500 <- opt_x [-7.06e-01 ... +3.95e-01]
test  3: opt_y = +3.4347e+09 || runtime = 9.09e+03 || fe_runtime = 9.09e+03 || fe_num = 500 <- opt_x [+7.10e-01 ... -3.79e+00]
$------- Summary -------$:
* func_name: cf_schwefel12 + test_num: 3 + func_dim: 100000
* algo_name: PSO + algo_fe_max: 500
   opt_y      --- Mean & Std: 2.93e+09  &  4.43e+08
   runtime    --- Mean & Std: 9.13e+03  &  4.99e+01
   fe_runtime --- Mean & Std: 9.13e+03  &  5.00e+01
   fe_ratio   --- Mean & Std:   99.98%  &     0.00%
   fe_num     --- Mean & Std: 5.00e+02  &  0.00e+00
Total run time: 27399.541549 seconds.


Run Time: 27621.939798 seconds.
