                            < M A T L A B (R) >
                  Copyright 1984-2016 The MathWorks, Inc.
                   R2016b (9.1.0.441655) 64-bit (glnxa64)
                             September 7, 2016

**************************************************
* func_name: cf_sphere + test_num: 3 + func_dim: 10000000
* algo_name: ALCPSO + algo_fe_max: 1000
test  1: opt_y = +1.8290e+08 || runtime = 6.75e+02 || fe_runtime = 4.56e+01 || fe_num = 1000 <- opt_x [-7.07e-01 ... -1.40e+00]
test  2: opt_y = +1.8279e+08 || runtime = 6.21e+02 || fe_runtime = 4.16e+01 || fe_num = 1000 <- opt_x [+1.29e+00 ... +2.92e+00]
test  3: opt_y = +1.8283e+08 || runtime = 6.04e+02 || fe_runtime = 3.92e+01 || fe_num = 1000 <- opt_x [-3.45e-01 ... -3.98e+00]
$------- Summary -------$:
* func_name: cf_sphere + test_num: 3 + func_dim: 10000000
* algo_name: ALCPSO + algo_fe_max: 1000
   opt_y      --- Mean & Std: 1.83e+08  &  5.20e+04
   runtime    --- Mean & Std: 6.33e+02  &  3.71e+01
   fe_runtime --- Mean & Std: 4.21e+01  &  3.23e+00
   fe_ratio   --- Mean & Std:    6.66%  &     0.00%
   fe_num     --- Mean & Std: 1.00e+03  &  0.00e+00
Total run time: 1915.559946 seconds.


* func_name: cf_sphere + test_num: 3 + func_dim: 10000000
* algo_name: ALCPSO + algo_fe_max: 2000
test  1: opt_y = +1.8285e+08 || runtime = 1.16e+03 || fe_runtime = 8.39e+01 || fe_num = 2000 <- opt_x [-3.92e-03 ... -4.37e+00]
test  2: opt_y = +1.8281e+08 || runtime = 1.22e+03 || fe_runtime = 9.47e+01 || fe_num = 2000 <- opt_x [+5.22e+00 ... +1.61e+00]
test  3: opt_y = +1.8277e+08 || runtime = 1.15e+03 || fe_runtime = 7.93e+01 || fe_num = 2000 <- opt_x [+1.76e+00 ... -8.95e+00]
$------- Summary -------$:
* func_name: cf_sphere + test_num: 3 + func_dim: 10000000
* algo_name: ALCPSO + algo_fe_max: 2000
   opt_y      --- Mean & Std: 1.83e+08  &  3.97e+04
   runtime    --- Mean & Std: 1.18e+03  &  3.65e+01
   fe_runtime --- Mean & Std: 8.60e+01  &  7.87e+00
   fe_ratio   --- Mean & Std:    7.31%  &     0.00%
   fe_num     --- Mean & Std: 2.00e+03  &  0.00e+00
Total run time: 3548.283688 seconds.


* func_name: cf_sphere + test_num: 3 + func_dim: 10000000
* algo_name: ALCPSO + algo_fe_max: 3000
test  1: opt_y = +1.8277e+08 || runtime = 1.77e+03 || fe_runtime = 1.31e+02 || fe_num = 3000 <- opt_x [-1.00e+01 ... +5.27e-01]
test  2: opt_y = +1.8274e+08 || runtime = 1.70e+03 || fe_runtime = 1.22e+02 || fe_num = 3000 <- opt_x [+3.23e-01 ... +6.26e+00]
test  3: opt_y = +1.8282e+08 || runtime = 1.70e+03 || fe_runtime = 1.30e+02 || fe_num = 3000 <- opt_x [-4.02e+00 ... +2.09e+00]
$------- Summary -------$:
* func_name: cf_sphere + test_num: 3 + func_dim: 10000000
* algo_name: ALCPSO + algo_fe_max: 3000
   opt_y      --- Mean & Std: 1.83e+08  &  4.21e+04
   runtime    --- Mean & Std: 1.72e+03  &  4.03e+01
   fe_runtime --- Mean & Std: 1.28e+02  &  4.97e+00
   fe_ratio   --- Mean & Std:    7.41%  &     0.00%
   fe_num     --- Mean & Std: 3.00e+03  &  0.00e+00
Total run time: 5190.467020 seconds.


* func_name: cf_sphere + test_num: 3 + func_dim: 10000000
* algo_name: ALCPSO + algo_fe_max: 4000
test  1: opt_y = +1.8283e+08 || runtime = 2.31e+03 || fe_runtime = 1.76e+02 || fe_num = 4000 <- opt_x [+2.22e+00 ... +7.53e+00]
test  2: opt_y = +1.8285e+08 || runtime = 2.46e+03 || fe_runtime = 1.78e+02 || fe_num = 4101 <- opt_x [+5.15e+00 ... +1.53e+00]
test  3: opt_y = +1.8286e+08 || runtime = 2.25e+03 || fe_runtime = 1.64e+02 || fe_num = 4000 <- opt_x [+6.35e-01 ... +6.33e+00]
$------- Summary -------$:
* func_name: cf_sphere + test_num: 3 + func_dim: 10000000
* algo_name: ALCPSO + algo_fe_max: 4000
   opt_y      --- Mean & Std: 1.83e+08  &  1.49e+04
   runtime    --- Mean & Std: 2.34e+03  &  1.07e+02
   fe_runtime --- Mean & Std: 1.73e+02  &  7.67e+00
   fe_ratio   --- Mean & Std:    7.38%  &     0.00%
   fe_num     --- Mean & Std: 4.03e+03  &  5.83e+01
Total run time: 7030.066754 seconds.


* func_name: cf_sphere + test_num: 3 + func_dim: 10000000
* algo_name: ALCPSO + algo_fe_max: 5000
test  1: opt_y = +1.8283e+08 || runtime = 4.49e+03 || fe_runtime = 2.35e+02 || fe_num = 5004 <- opt_x [-4.69e-02 ... +8.55e-01]
test  2: opt_y = +1.8280e+08 || runtime = 4.49e+03 || fe_runtime = 2.41e+02 || fe_num = 5204 <- opt_x [+1.62e+00 ... -6.66e+00]
test  3: opt_y = +1.8287e+08 || runtime = 4.81e+03 || fe_runtime = 2.62e+02 || fe_num = 5204 <- opt_x [-6.32e+00 ... -3.33e+00]
$------- Summary -------$:
* func_name: cf_sphere + test_num: 3 + func_dim: 10000000
* algo_name: ALCPSO + algo_fe_max: 5000
   opt_y      --- Mean & Std: 1.83e+08  &  3.36e+04
   runtime    --- Mean & Std: 4.60e+03  &  1.83e+02
   fe_runtime --- Mean & Std: 2.46e+02  &  1.43e+01
   fe_ratio   --- Mean & Std:    5.35%  &     0.00%
   fe_num     --- Mean & Std: 5.14e+03  &  1.15e+02
Total run time: 13819.794076 seconds.


**************************************************
* func_name: cf_rosenbrock + test_num: 3 + func_dim: 10000000
* algo_name: ALCPSO + algo_fe_max: 1000
test  1: opt_y = +8.6806e+11 || runtime = 8.31e+02 || fe_runtime = 2.58e+02 || fe_num = 1000 <- opt_x [+6.24e-01 ... +4.07e+00]
test  2: opt_y = +8.6821e+11 || runtime = 8.37e+02 || fe_runtime = 2.67e+02 || fe_num = 1000 <- opt_x [-1.00e+01 ... +2.25e+00]
test  3: opt_y = +8.6849e+11 || runtime = 8.02e+02 || fe_runtime = 2.47e+02 || fe_num = 1000 <- opt_x [-3.05e+00 ... -2.73e+00]
$------- Summary -------$:
* func_name: cf_rosenbrock + test_num: 3 + func_dim: 10000000
* algo_name: ALCPSO + algo_fe_max: 1000
   opt_y      --- Mean & Std: 8.68e+11  &  2.18e+08
   runtime    --- Mean & Std: 8.23e+02  &  1.84e+01
   fe_runtime --- Mean & Std: 2.57e+02  &  9.64e+00
   fe_ratio   --- Mean & Std:   31.28%  &     0.00%
   fe_num     --- Mean & Std: 1.00e+03  &  0.00e+00
Total run time: 2486.999915 seconds.


* func_name: cf_rosenbrock + test_num: 3 + func_dim: 10000000
* algo_name: ALCPSO + algo_fe_max: 2000
test  1: opt_y = +8.6737e+11 || runtime = 1.61e+03 || fe_runtime = 4.87e+02 || fe_num = 2000 <- opt_x [+5.26e+00 ... +7.54e+00]
test  2: opt_y = +8.6809e+11 || runtime = 1.56e+03 || fe_runtime = 5.07e+02 || fe_num = 2000 <- opt_x [+2.30e-01 ... +9.40e-01]
test  3: opt_y = +8.6770e+11 || runtime = 1.65e+03 || fe_runtime = 5.48e+02 || fe_num = 2000 <- opt_x [+5.10e+00 ... +3.27e-01]
$------- Summary -------$:
* func_name: cf_rosenbrock + test_num: 3 + func_dim: 10000000
* algo_name: ALCPSO + algo_fe_max: 2000
   opt_y      --- Mean & Std: 8.68e+11  &  3.60e+08
   runtime    --- Mean & Std: 1.61e+03  &  4.23e+01
   fe_runtime --- Mean & Std: 5.14e+02  &  3.11e+01
   fe_ratio   --- Mean & Std:   32.01%  &     0.00%
   fe_num     --- Mean & Std: 2.00e+03  &  0.00e+00
Total run time: 4836.949517 seconds.


* func_name: cf_rosenbrock + test_num: 3 + func_dim: 10000000
* algo_name: ALCPSO + algo_fe_max: 3000
test  1: opt_y = +8.6854e+11 || runtime = 2.30e+03 || fe_runtime = 7.31e+02 || fe_num = 3000 <- opt_x [+1.71e+00 ... -2.86e+00]
test  2: opt_y = +8.6864e+11 || runtime = 2.44e+03 || fe_runtime = 7.79e+02 || fe_num = 3000 <- opt_x [+3.23e-01 ... +3.10e+00]
test  3: opt_y = +8.6745e+11 || runtime = 2.40e+03 || fe_runtime = 7.51e+02 || fe_num = 3000 <- opt_x [-2.05e+00 ... -4.21e+00]
$------- Summary -------$:
* func_name: cf_rosenbrock + test_num: 3 + func_dim: 10000000
* algo_name: ALCPSO + algo_fe_max: 3000
   opt_y      --- Mean & Std: 8.68e+11  &  6.59e+08
   runtime    --- Mean & Std: 2.38e+03  &  6.94e+01
   fe_runtime --- Mean & Std: 7.54e+02  &  2.45e+01
   fe_ratio   --- Mean & Std:   31.69%  &     0.00%
   fe_num     --- Mean & Std: 3.00e+03  &  0.00e+00
Total run time: 7155.439284 seconds.


* func_name: cf_rosenbrock + test_num: 3 + func_dim: 10000000
* algo_name: ALCPSO + algo_fe_max: 4000
test  1: opt_y = +8.6844e+11 || runtime = 3.12e+03 || fe_runtime = 9.80e+02 || fe_num = 4000 <- opt_x [-6.36e+00 ... +1.15e+00]
test  2: opt_y = +8.6815e+11 || runtime = 3.11e+03 || fe_runtime = 9.47e+02 || fe_num = 4000 <- opt_x [+2.26e+00 ... -5.91e+00]
test  3: opt_y = +8.6727e+11 || runtime = 3.14e+03 || fe_runtime = 9.99e+02 || fe_num = 4000 <- opt_x [+5.46e+00 ... -2.30e+00]
$------- Summary -------$:
* func_name: cf_rosenbrock + test_num: 3 + func_dim: 10000000
* algo_name: ALCPSO + algo_fe_max: 4000
   opt_y      --- Mean & Std: 8.68e+11  &  6.08e+08
   runtime    --- Mean & Std: 3.12e+03  &  1.40e+01
   fe_runtime --- Mean & Std: 9.75e+02  &  2.64e+01
   fe_ratio   --- Mean & Std:   31.22%  &     0.00%
   fe_num     --- Mean & Std: 4.00e+03  &  0.00e+00
Total run time: 9392.062333 seconds.


* func_name: cf_rosenbrock + test_num: 3 + func_dim: 10000000
* algo_name: ALCPSO + algo_fe_max: 5000
test  1: opt_y = +8.6840e+11 || runtime = 3.94e+03 || fe_runtime = 1.19e+03 || fe_num = 5000 <- opt_x [-6.90e-01 ... -2.34e+00]
test  2: opt_y = +8.6808e+11 || runtime = 3.77e+03 || fe_runtime = 1.19e+03 || fe_num = 5000 <- opt_x [+1.00e+01 ... +9.24e-01]
test  3: opt_y = +8.6813e+11 || runtime = 3.82e+03 || fe_runtime = 1.22e+03 || fe_num = 5000 <- opt_x [-2.63e+00 ... -4.66e+00]
$------- Summary -------$:
* func_name: cf_rosenbrock + test_num: 3 + func_dim: 10000000
* algo_name: ALCPSO + algo_fe_max: 5000
   opt_y      --- Mean & Std: 8.68e+11  &  1.72e+08
   runtime    --- Mean & Std: 3.84e+03  &  9.16e+01
   fe_runtime --- Mean & Std: 1.20e+03  &  1.74e+01
   fe_ratio   --- Mean & Std:   31.13%  &     0.00%
   fe_num     --- Mean & Std: 5.00e+03  &  0.00e+00
Total run time: 11549.863568 seconds.


**************************************************
* func_name: cf_rastrigin + test_num: 3 + func_dim: 10000000
* algo_name: ALCPSO + algo_fe_max: 1000
test  1: opt_y = +2.8137e+08 || runtime = 6.79e+02 || fe_runtime = 5.85e+01 || fe_num = 1000 <- opt_x [+3.54e+00 ... +4.15e+00]
test  2: opt_y = +2.8135e+08 || runtime = 6.14e+02 || fe_runtime = 5.21e+01 || fe_num = 1000 <- opt_x [-6.79e+00 ... +6.58e+00]
test  3: opt_y = +2.8141e+08 || runtime = 6.54e+02 || fe_runtime = 5.79e+01 || fe_num = 1000 <- opt_x [-7.61e-01 ... +5.84e-01]
$------- Summary -------$:
* func_name: cf_rastrigin + test_num: 3 + func_dim: 10000000
* algo_name: ALCPSO + algo_fe_max: 1000
   opt_y      --- Mean & Std: 2.81e+08  &  2.93e+04
   runtime    --- Mean & Std: 6.49e+02  &  3.27e+01
   fe_runtime --- Mean & Std: 5.62e+01  &  3.55e+00
   fe_ratio   --- Mean & Std:    8.65%  &     0.00%
   fe_num     --- Mean & Std: 1.00e+03  &  0.00e+00
Total run time: 1964.964462 seconds.


* func_name: cf_rastrigin + test_num: 3 + func_dim: 10000000
* algo_name: ALCPSO + algo_fe_max: 2000
test  1: opt_y = +2.8140e+08 || runtime = 1.25e+03 || fe_runtime = 1.11e+02 || fe_num = 2000 <- opt_x [-3.96e+00 ... -1.81e-01]
test  2: opt_y = +2.8131e+08 || runtime = 1.23e+03 || fe_runtime = 1.14e+02 || fe_num = 2000 <- opt_x [-2.80e-01 ... -5.38e-01]
test  3: opt_y = +2.8127e+08 || runtime = 1.23e+03 || fe_runtime = 1.08e+02 || fe_num = 2000 <- opt_x [+4.56e-01 ... +2.52e+00]
$------- Summary -------$:
* func_name: cf_rastrigin + test_num: 3 + func_dim: 10000000
* algo_name: ALCPSO + algo_fe_max: 2000
   opt_y      --- Mean & Std: 2.81e+08  &  6.54e+04
   runtime    --- Mean & Std: 1.24e+03  &  1.06e+01
   fe_runtime --- Mean & Std: 1.11e+02  &  2.90e+00
   fe_ratio   --- Mean & Std:    8.98%  &     0.00%
   fe_num     --- Mean & Std: 2.00e+03  &  0.00e+00
Total run time: 3724.435315 seconds.


* func_name: cf_rastrigin + test_num: 3 + func_dim: 10000000
* algo_name: ALCPSO + algo_fe_max: 3000
test  1: opt_y = +2.8139e+08 || runtime = 1.84e+03 || fe_runtime = 1.71e+02 || fe_num = 3000 <- opt_x [-1.19e+00 ... -6.50e-01]
test  2: opt_y = +2.8138e+08 || runtime = 1.75e+03 || fe_runtime = 1.58e+02 || fe_num = 3000 <- opt_x [+8.85e+00 ... +3.72e+00]
test  3: opt_y = +2.8138e+08 || runtime = 1.80e+03 || fe_runtime = 1.68e+02 || fe_num = 3000 <- opt_x [-6.29e-01 ... -4.11e+00]
$------- Summary -------$:
* func_name: cf_rastrigin + test_num: 3 + func_dim: 10000000
* algo_name: ALCPSO + algo_fe_max: 3000
   opt_y      --- Mean & Std: 2.81e+08  &  7.33e+03
   runtime    --- Mean & Std: 1.80e+03  &  4.61e+01
   fe_runtime --- Mean & Std: 1.66e+02  &  6.67e+00
   fe_ratio   --- Mean & Std:    9.23%  &     0.00%
   fe_num     --- Mean & Std: 3.00e+03  &  0.00e+00
Total run time: 5405.269487 seconds.


* func_name: cf_rastrigin + test_num: 3 + func_dim: 10000000
* algo_name: ALCPSO + algo_fe_max: 4000
test  1: opt_y = +2.8132e+08 || runtime = 2.60e+03 || fe_runtime = 2.28e+02 || fe_num = 4101 <- opt_x [-2.86e+00 ... +4.10e+00]
test  2: opt_y = +2.8130e+08 || runtime = 2.57e+03 || fe_runtime = 2.26e+02 || fe_num = 4101 <- opt_x [-8.91e+00 ... +7.58e+00]
test  3: opt_y = +2.8081e+08 || runtime = 2.29e+03 || fe_runtime = 2.09e+02 || fe_num = 4000 <- opt_x [+1.84e+00 ... +2.40e+00]
$------- Summary -------$:
* func_name: cf_rastrigin + test_num: 3 + func_dim: 10000000
* algo_name: ALCPSO + algo_fe_max: 4000
   opt_y      --- Mean & Std: 2.81e+08  &  2.88e+05
   runtime    --- Mean & Std: 2.49e+03  &  1.72e+02
   fe_runtime --- Mean & Std: 2.21e+02  &  1.01e+01
   fe_ratio   --- Mean & Std:    8.87%  &     0.00%
   fe_num     --- Mean & Std: 4.07e+03  &  5.83e+01
Total run time: 7481.652778 seconds.


* func_name: cf_rastrigin + test_num: 3 + func_dim: 10000000
* algo_name: ALCPSO + algo_fe_max: 5000
test  1: opt_y = +2.8146e+08 || runtime = 4.40e+03 || fe_runtime = 3.05e+02 || fe_num = 5004 <- opt_x [-4.51e+00 ... -2.55e+00]
test  2: opt_y = +2.8077e+08 || runtime = 4.73e+03 || fe_runtime = 2.94e+02 || fe_num = 5204 <- opt_x [+2.02e+00 ... -1.03e+00]
test  3: opt_y = +2.8082e+08 || runtime = 4.86e+03 || fe_runtime = 3.00e+02 || fe_num = 5204 <- opt_x [-3.15e+00 ... -3.29e+00]
$------- Summary -------$:
* func_name: cf_rastrigin + test_num: 3 + func_dim: 10000000
* algo_name: ALCPSO + algo_fe_max: 5000
   opt_y      --- Mean & Std: 2.81e+08  &  3.83e+05
   runtime    --- Mean & Std: 4.66e+03  &  2.38e+02
   fe_runtime --- Mean & Std: 3.00e+02  &  5.70e+00
   fe_ratio   --- Mean & Std:    6.42%  &     0.00%
   fe_num     --- Mean & Std: 5.14e+03  &  1.15e+02
Total run time: 14021.776911 seconds.


**************************************************
* func_name: cf_griewank + test_num: 3 + func_dim: 10000000
* algo_name: ALCPSO + algo_fe_max: 1000
test  1: opt_y = +4.5699e+04 || runtime = 7.33e+02 || fe_runtime = 1.22e+02 || fe_num = 1000 <- opt_x [+6.15e+00 ... +5.24e+00]
test  2: opt_y = +4.5692e+04 || runtime = 6.77e+02 || fe_runtime = 1.15e+02 || fe_num = 1000 <- opt_x [+2.56e+00 ... +4.58e+00]
test  3: opt_y = +4.5707e+04 || runtime = 6.75e+02 || fe_runtime = 1.15e+02 || fe_num = 1000 <- opt_x [-3.83e+00 ... -1.37e-01]
$------- Summary -------$:
* func_name: cf_griewank + test_num: 3 + func_dim: 10000000
* algo_name: ALCPSO + algo_fe_max: 1000
   opt_y      --- Mean & Std: 4.57e+04  &  7.66e+00
   runtime    --- Mean & Std: 6.95e+02  &  3.31e+01
   fe_runtime --- Mean & Std: 1.18e+02  &  4.13e+00
   fe_ratio   --- Mean & Std:   16.91%  &     0.00%
   fe_num     --- Mean & Std: 1.00e+03  &  0.00e+00
Total run time: 2100.209473 seconds.


* func_name: cf_griewank + test_num: 3 + func_dim: 10000000
* algo_name: ALCPSO + algo_fe_max: 2000
test  1: opt_y = +4.5695e+04 || runtime = 1.24e+03 || fe_runtime = 1.98e+02 || fe_num = 2000 <- opt_x [-4.84e+00 ... -5.31e+00]
test  2: opt_y = +4.5687e+04 || runtime = 1.27e+03 || fe_runtime = 2.02e+02 || fe_num = 2000 <- opt_x [+3.44e+00 ... +3.16e+00]
test  3: opt_y = +4.5706e+04 || runtime = 1.29e+03 || fe_runtime = 2.07e+02 || fe_num = 2000 <- opt_x [+1.82e+00 ... +2.74e+00]
$------- Summary -------$:
* func_name: cf_griewank + test_num: 3 + func_dim: 10000000
* algo_name: ALCPSO + algo_fe_max: 2000
   opt_y      --- Mean & Std: 4.57e+04  &  9.69e+00
   runtime    --- Mean & Std: 1.27e+03  &  2.10e+01
   fe_runtime --- Mean & Std: 2.02e+02  &  4.64e+00
   fe_ratio   --- Mean & Std:   15.96%  &     0.00%
   fe_num     --- Mean & Std: 2.00e+03  &  0.00e+00
Total run time: 3815.510932 seconds.


* func_name: cf_griewank + test_num: 3 + func_dim: 10000000
* algo_name: ALCPSO + algo_fe_max: 3000
test  1: opt_y = +4.5709e+04 || runtime = 1.85e+03 || fe_runtime = 2.88e+02 || fe_num = 3000 <- opt_x [+4.51e+00 ... -1.40e+00]
test  2: opt_y = +4.5715e+04 || runtime = 1.89e+03 || fe_runtime = 3.00e+02 || fe_num = 3000 <- opt_x [+3.40e+00 ... -5.25e+00]
test  3: opt_y = +4.5713e+04 || runtime = 1.88e+03 || fe_runtime = 3.02e+02 || fe_num = 3000 <- opt_x [-3.72e+00 ... -4.25e+00]
$------- Summary -------$:
* func_name: cf_griewank + test_num: 3 + func_dim: 10000000
* algo_name: ALCPSO + algo_fe_max: 3000
   opt_y      --- Mean & Std: 4.57e+04  &  3.36e+00
   runtime    --- Mean & Std: 1.87e+03  &  2.51e+01
   fe_runtime --- Mean & Std: 2.97e+02  &  7.79e+00
   fe_ratio   --- Mean & Std:   15.83%  &     0.00%
   fe_num     --- Mean & Std: 3.00e+03  &  0.00e+00
Total run time: 5638.148202 seconds.


* func_name: cf_griewank + test_num: 3 + func_dim: 10000000
* algo_name: ALCPSO + algo_fe_max: 4000
test  1: opt_y = +4.5701e+04 || runtime = 2.47e+03 || fe_runtime = 3.85e+02 || fe_num = 4000 <- opt_x [-2.14e+00 ... +3.12e+00]
test  2: opt_y = +4.5707e+04 || runtime = 2.46e+03 || fe_runtime = 3.83e+02 || fe_num = 4000 <- opt_x [-2.07e+00 ... -4.88e-01]
test  3: opt_y = +4.5704e+04 || runtime = 2.47e+03 || fe_runtime = 3.94e+02 || fe_num = 4000 <- opt_x [-1.29e+00 ... -3.74e+00]
$------- Summary -------$:
* func_name: cf_griewank + test_num: 3 + func_dim: 10000000
* algo_name: ALCPSO + algo_fe_max: 4000
   opt_y      --- Mean & Std: 4.57e+04  &  2.91e+00
   runtime    --- Mean & Std: 2.47e+03  &  8.73e+00
   fe_runtime --- Mean & Std: 3.87e+02  &  5.62e+00
   fe_ratio   --- Mean & Std:   15.71%  &     0.00%
   fe_num     --- Mean & Std: 4.00e+03  &  0.00e+00
Total run time: 7415.685947 seconds.


* func_name: cf_griewank + test_num: 3 + func_dim: 10000000
* algo_name: ALCPSO + algo_fe_max: 5000
test  1: opt_y = +4.5711e+04 || runtime = 4.77e+03 || fe_runtime = 4.97e+02 || fe_num = 5004 <- opt_x [-3.65e+00 ... +2.21e+00]
test  2: opt_y = +4.5701e+04 || runtime = 4.71e+03 || fe_runtime = 5.35e+02 || fe_num = 5204 <- opt_x [-4.57e+00 ... +3.50e+00]
test  3: opt_y = +4.5718e+04 || runtime = 4.81e+03 || fe_runtime = 5.11e+02 || fe_num = 5004 <- opt_x [-5.88e+00 ... +5.14e+00]
$------- Summary -------$:
* func_name: cf_griewank + test_num: 3 + func_dim: 10000000
* algo_name: ALCPSO + algo_fe_max: 5000
   opt_y      --- Mean & Std: 4.57e+04  &  8.86e+00
   runtime    --- Mean & Std: 4.76e+03  &  4.92e+01
   fe_runtime --- Mean & Std: 5.14e+02  &  1.92e+01
   fe_ratio   --- Mean & Std:   10.80%  &     0.00%
   fe_num     --- Mean & Std: 5.07e+03  &  1.15e+02
Total run time: 14319.473112 seconds.

 
Run Time: 132813.232023 seconds.
