                            < M A T L A B (R) >
                  Copyright 1984-2016 The MathWorks, Inc.
                   R2016b (9.1.0.441655) 64-bit (glnxa64)
                             September 7, 2016

* func_name: cf_schwefel12 + test_num: 3 + func_dim: 100000
* algo_name: PSO + algo_fe_max: 1000
test  1: opt_y = +2.8655e+09 || runtime = 1.85e+04 || fe_runtime = 1.85e+04 || fe_num = 1000 <- opt_x [-8.71e-01 ... -5.67e-01]
test  2: opt_y = +2.3021e+09 || runtime = 1.85e+04 || fe_runtime = 1.85e+04 || fe_num = 1000 <- opt_x [+4.47e-01 ... -7.34e+00]
test  3: opt_y = +2.2015e+09 || runtime = 1.85e+04 || fe_runtime = 1.85e+04 || fe_num = 1000 <- opt_x [+7.53e-01 ... -3.67e+00]
$------- Summary -------$:
* func_name: cf_schwefel12 + test_num: 3 + func_dim: 100000
* algo_name: PSO + algo_fe_max: 1000
   opt_y      --- Mean & Std: 2.46e+09  &  3.58e+08
   runtime    --- Mean & Std: 1.85e+04  &  2.18e+01
   fe_runtime --- Mean & Std: 1.85e+04  &  2.17e+01
   fe_ratio   --- Mean & Std:   99.98%  &     0.00%
   fe_num     --- Mean & Std: 1.00e+03  &  0.00e+00
Total run time: 55493.368511 seconds.


* func_name: cf_schwefel12 + test_num: 3 + func_dim: 100000
* algo_name: PSO + algo_fe_max: 2000
test  1: opt_y = +1.7803e+09 || runtime = 3.74e+04 || fe_runtime = 3.74e+04 || fe_num = 2000 <- opt_x [-3.22e+00 ... +3.52e+00]
test  2: opt_y = +1.9242e+09 || runtime = 3.74e+04 || fe_runtime = 3.74e+04 || fe_num = 2000 <- opt_x [+1.42e+00 ... +4.19e+00]
test  3: opt_y = +1.5346e+09 || runtime = 3.74e+04 || fe_runtime = 3.74e+04 || fe_num = 2000 <- opt_x [-2.40e+00 ... -1.64e+00]
$------- Summary -------$:
* func_name: cf_schwefel12 + test_num: 3 + func_dim: 100000
* algo_name: PSO + algo_fe_max: 2000
   opt_y      --- Mean & Std: 1.75e+09  &  1.97e+08
   runtime    --- Mean & Std: 3.74e+04  &  3.36e+01
   fe_runtime --- Mean & Std: 3.74e+04  &  3.36e+01
   fe_ratio   --- Mean & Std:   99.98%  &     0.00%
   fe_num     --- Mean & Std: 2.00e+03  &  0.00e+00
Total run time: 112285.316366 seconds.


* func_name: cf_schwefel12 + test_num: 3 + func_dim: 100000
* algo_name: PSO + algo_fe_max: 3000
test  1: opt_y = +1.6813e+09 || runtime = 5.62e+04 || fe_runtime = 5.62e+04 || fe_num = 3000 <- opt_x [-5.06e+00 ... -5.31e+00]
test  2: opt_y = +1.7043e+09 || runtime = 5.62e+04 || fe_runtime = 5.62e+04 || fe_num = 3000 <- opt_x [+3.48e+00 ... -6.00e+00]
test  3: opt_y = +1.6127e+09 || runtime = 5.61e+04 || fe_runtime = 5.61e+04 || fe_num = 3000 <- opt_x [+1.51e+00 ... -1.86e+00]
$------- Summary -------$:
* func_name: cf_schwefel12 + test_num: 3 + func_dim: 100000
* algo_name: PSO + algo_fe_max: 3000
   opt_y      --- Mean & Std: 1.67e+09  &  4.76e+07
   runtime    --- Mean & Std: 5.62e+04  &  4.07e+01
   fe_runtime --- Mean & Std: 5.62e+04  &  4.07e+01
   fe_ratio   --- Mean & Std:   99.98%  &     0.00%
   fe_num     --- Mean & Std: 3.00e+03  &  0.00e+00
Total run time: 168545.932121 seconds.


* func_name: cf_schwefel12 + test_num: 3 + func_dim: 100000
* algo_name: PSO + algo_fe_max: 4000
test  1: opt_y = +1.6706e+09 || runtime = 7.48e+04 || fe_runtime = 7.48e+04 || fe_num = 4000 <- opt_x [+1.56e+00 ... -2.92e+00]
test  2: opt_y = +1.4938e+09 || runtime = 7.46e+04 || fe_runtime = 7.46e+04 || fe_num = 4000 <- opt_x [-5.19e+00 ... -2.91e-01]
test  3: opt_y = +1.6103e+09 || runtime = 7.49e+04 || fe_runtime = 7.49e+04 || fe_num = 4000 <- opt_x [+1.02e+00 ... -2.56e+00]
$------- Summary -------$:
* func_name: cf_schwefel12 + test_num: 3 + func_dim: 100000
* algo_name: PSO + algo_fe_max: 4000
   opt_y      --- Mean & Std: 1.59e+09  &  8.99e+07
   runtime    --- Mean & Std: 7.48e+04  &  1.65e+02
   fe_runtime --- Mean & Std: 7.47e+04  &  1.65e+02
   fe_ratio   --- Mean & Std:   99.98%  &     0.00%
   fe_num     --- Mean & Std: 4.00e+03  &  0.00e+00
Total run time: 224283.091872 seconds.


* func_name: cf_schwefel12 + test_num: 3 + func_dim: 100000
* algo_name: PSO + algo_fe_max: 5000
test  1: opt_y = +1.3669e+09 || runtime = 9.36e+04 || fe_runtime = 9.36e+04 || fe_num = 5000 <- opt_x [+2.65e+00 ... +3.22e+00]
test  2: opt_y = +1.5141e+09 || runtime = 9.37e+04 || fe_runtime = 9.37e+04 || fe_num = 5000 <- opt_x [-1.32e+00 ... +4.86e+00]
test  3: opt_y = +1.5568e+09 || runtime = 9.35e+04 || fe_runtime = 9.35e+04 || fe_num = 5000 <- opt_x [-2.78e+00 ... +5.35e+00]
$------- Summary -------$:
* func_name: cf_schwefel12 + test_num: 3 + func_dim: 100000
* algo_name: PSO + algo_fe_max: 5000
   opt_y      --- Mean & Std: 1.48e+09  &  9.96e+07
   runtime    --- Mean & Std: 9.36e+04  &  1.28e+02
   fe_runtime --- Mean & Std: 9.36e+04  &  1.28e+02
   fe_ratio   --- Mean & Std:   99.98%  &     0.00%
   fe_num     --- Mean & Std: 5.00e+03  &  0.00e+00
Total run time: 280815.775563 seconds.


Run Time: 841423.530508 seconds.
