                            < M A T L A B (R) >
                  Copyright 1984-2016 The MathWorks, Inc.
                   R2016b (9.1.0.441655) 64-bit (glnxa64)
                             September 7, 2016

* func_name: cf_schwefel12 + test_num: 3 + func_dim: 10
* algo_name: ALCPSO + algo_fe_max: 500
test  1: opt_y = +2.2016e+01 || runtime = 1.31e-01 || fe_runtime = 1.56e-02 || fe_num = 500 <- opt_x [+4.26e-01 ... +2.71e-01]
test  2: opt_y = +2.8274e+01 || runtime = 5.39e-02 || fe_runtime = 1.91e-02 || fe_num = 500 <- opt_x [+5.07e-02 ... -2.84e+00]
test  3: opt_y = +3.8656e+01 || runtime = 3.58e-02 || fe_runtime = 9.94e-03 || fe_num = 500 <- opt_x [-1.39e-01 ... -3.56e-01]
$------- Summary -------$:
* func_name: cf_schwefel12 + test_num: 3 + func_dim: 10
* algo_name: ALCPSO + algo_fe_max: 500
   opt_y      --- Mean & Std: 2.96e+01  &  8.40e+00
   runtime    --- Mean & Std: 7.36e-02  &  5.06e-02
   fe_runtime --- Mean & Std: 1.49e-02  &  4.63e-03
   fe_ratio   --- Mean & Std:   16.04%  &     0.00%
   fe_num     --- Mean & Std: 5.00e+02  &  0.00e+00
Total run time: 0.611578 seconds.


* func_name: cf_schwefel12 + test_num: 3 + func_dim: 100
* algo_name: ALCPSO + algo_fe_max: 500
test  1: opt_y = +4.7959e+03 || runtime = 1.01e-01 || fe_runtime = 7.73e-02 || fe_num = 500 <- opt_x [-4.20e+00 ... +1.32e+00]
test  2: opt_y = +3.8459e+03 || runtime = 7.65e-02 || fe_runtime = 5.88e-02 || fe_num = 500 <- opt_x [+5.51e+00 ... -1.21e-01]
test  3: opt_y = +5.2879e+03 || runtime = 7.02e-02 || fe_runtime = 5.56e-02 || fe_num = 500 <- opt_x [-5.06e+00 ... +3.02e+00]
$------- Summary -------$:
* func_name: cf_schwefel12 + test_num: 3 + func_dim: 100
* algo_name: ALCPSO + algo_fe_max: 500
   opt_y      --- Mean & Std: 4.64e+03  &  7.33e+02
   runtime    --- Mean & Std: 8.26e-02  &  1.63e-02
   fe_runtime --- Mean & Std: 6.39e-02  &  1.17e-02
   fe_ratio   --- Mean & Std:   77.25%  &     0.00%
   fe_num     --- Mean & Std: 5.00e+02  &  0.00e+00
Total run time: 0.268854 seconds.


* func_name: cf_schwefel12 + test_num: 3 + func_dim: 1000
* algo_name: ALCPSO + algo_fe_max: 500
test  1: opt_y = +4.4698e+05 || runtime = 1.21e+00 || fe_runtime = 1.17e+00 || fe_num = 500 <- opt_x [+3.78e+00 ... -3.96e+00]
test  2: opt_y = +5.0044e+05 || runtime = 1.33e+00 || fe_runtime = 1.30e+00 || fe_num = 500 <- opt_x [-1.84e+00 ... +3.24e+00]
test  3: opt_y = +4.5967e+05 || runtime = 1.32e+00 || fe_runtime = 1.29e+00 || fe_num = 500 <- opt_x [-8.52e+00 ... -9.74e+00]
$------- Summary -------$:
* func_name: cf_schwefel12 + test_num: 3 + func_dim: 1000
* algo_name: ALCPSO + algo_fe_max: 500
   opt_y      --- Mean & Std: 4.69e+05  &  2.79e+04
   runtime    --- Mean & Std: 1.29e+00  &  6.74e-02
   fe_runtime --- Mean & Std: 1.25e+00  &  6.81e-02
   fe_ratio   --- Mean & Std:   97.18%  &     0.00%
   fe_num     --- Mean & Std: 5.00e+02  &  0.00e+00
Total run time: 3.879462 seconds.


* func_name: cf_schwefel12 + test_num: 3 + func_dim: 10000
* algo_name: ALCPSO + algo_fe_max: 500
test  1: opt_y = +4.6242e+07 || runtime = 6.96e+01 || fe_runtime = 6.93e+01 || fe_num = 500 <- opt_x [+9.76e+00 ... -1.04e-01]
test  2: opt_y = +3.7855e+07 || runtime = 7.12e+01 || fe_runtime = 7.09e+01 || fe_num = 500 <- opt_x [+3.01e+00 ... -2.37e+00]
test  3: opt_y = +4.7829e+07 || runtime = 7.31e+01 || fe_runtime = 7.28e+01 || fe_num = 500 <- opt_x [-7.84e+00 ... +6.06e+00]
$------- Summary -------$:
* func_name: cf_schwefel12 + test_num: 3 + func_dim: 10000
* algo_name: ALCPSO + algo_fe_max: 500
   opt_y      --- Mean & Std: 4.40e+07  &  5.36e+06
   runtime    --- Mean & Std: 7.13e+01  &  1.77e+00
   fe_runtime --- Mean & Std: 7.10e+01  &  1.77e+00
   fe_ratio   --- Mean & Std:   99.55%  &     0.00%
   fe_num     --- Mean & Std: 5.00e+02  &  0.00e+00
Total run time: 213.979530 seconds.


* func_name: cf_schwefel12 + test_num: 3 + func_dim: 100000
* algo_name: ALCPSO + algo_fe_max: 500
test  1: opt_y = +5.2759e+09 || runtime = 7.32e+03 || fe_runtime = 7.32e+03 || fe_num = 500 <- opt_x [-7.88e+00 ... -8.82e-01]
test  2: opt_y = +4.1211e+09 || runtime = 7.34e+03 || fe_runtime = 7.33e+03 || fe_num = 500 <- opt_x [-1.71e+00 ... -2.78e+00]
test  3: opt_y = +3.8004e+09 || runtime = 7.33e+03 || fe_runtime = 7.33e+03 || fe_num = 500 <- opt_x [-1.00e+01 ... +6.44e+00]
$------- Summary -------$:
* func_name: cf_schwefel12 + test_num: 3 + func_dim: 100000
* algo_name: ALCPSO + algo_fe_max: 500
   opt_y      --- Mean & Std: 4.40e+09  &  7.76e+08
   runtime    --- Mean & Std: 7.33e+03  &  7.06e+00
   fe_runtime --- Mean & Std: 7.33e+03  &  7.06e+00
   fe_ratio   --- Mean & Std:   99.97%  &     0.00%
   fe_num     --- Mean & Std: 5.00e+02  &  0.00e+00
Total run time: 21992.709625 seconds.


Run Time: 22211.472825 seconds.
