                            < M A T L A B (R) >
                  Copyright 1984-2016 The MathWorks, Inc.
                   R2016b (9.1.0.441655) 64-bit (glnxa64)
                             September 7, 2016

**************************************************
* func_name: cf_sphere + test_num: 3 + func_dim: 10
* algo_name: CLPSO + algo_fe_max: 500
test  1: opt_y = +9.0345e+01 || runtime = 1.85e-01 || fe_runtime = 1.15e-02 || fe_num = 500 <- opt_x [+5.21e+00 ... +3.04e+00]
test  2: opt_y = +1.4281e+02 || runtime = 3.82e-02 || fe_runtime = 4.13e-03 || fe_num = 500 <- opt_x [+3.00e+00 ... -6.31e-01]
test  3: opt_y = +5.5582e+01 || runtime = 3.70e-02 || fe_runtime = 3.00e-03 || fe_num = 500 <- opt_x [+3.41e+00 ... +5.73e-01]
$------- Summary -------$:
* func_name: cf_sphere + test_num: 3 + func_dim: 10
* algo_name: CLPSO + algo_fe_max: 500
   opt_y      --- Mean & Std: 9.62e+01  &  4.39e+01
   runtime    --- Mean & Std: 8.67e-02  &  8.50e-02
   fe_runtime --- Mean & Std: 6.21e-03  &  4.62e-03
   fe_ratio   --- Mean & Std:    6.48%  &     0.00%
   fe_num     --- Mean & Std: 5.00e+02  &  0.00e+00
Total run time: 0.710787 seconds.


* func_name: cf_sphere + test_num: 3 + func_dim: 100
* algo_name: CLPSO + algo_fe_max: 500
test  1: opt_y = +2.5264e+03 || runtime = 2.73e-02 || fe_runtime = 2.82e-03 || fe_num = 500 <- opt_x [-3.63e+00 ... -2.50e+00]
test  2: opt_y = +2.6578e+03 || runtime = 2.26e-02 || fe_runtime = 2.65e-03 || fe_num = 500 <- opt_x [-1.15e+00 ... -1.10e+00]
test  3: opt_y = +2.5779e+03 || runtime = 1.74e-02 || fe_runtime = 2.47e-03 || fe_num = 500 <- opt_x [+4.46e+00 ... -7.56e+00]
$------- Summary -------$:
* func_name: cf_sphere + test_num: 3 + func_dim: 100
* algo_name: CLPSO + algo_fe_max: 500
   opt_y      --- Mean & Std: 2.59e+03  &  6.62e+01
   runtime    --- Mean & Std: 2.24e-02  &  4.97e-03
   fe_runtime --- Mean & Std: 2.65e-03  &  1.75e-04
   fe_ratio   --- Mean & Std:   11.54%  &     0.00%
   fe_num     --- Mean & Std: 5.00e+02  &  0.00e+00
Total run time: 0.091496 seconds.


* func_name: cf_sphere + test_num: 3 + func_dim: 1000
* algo_name: CLPSO + algo_fe_max: 500
test  1: opt_y = +3.1206e+04 || runtime = 3.44e-02 || fe_runtime = 3.84e-03 || fe_num = 500 <- opt_x [-7.19e-01 ... +5.46e+00]
test  2: opt_y = +3.1043e+04 || runtime = 3.40e-02 || fe_runtime = 3.77e-03 || fe_num = 500 <- opt_x [+6.71e+00 ... -6.13e+00]
test  3: opt_y = +3.1173e+04 || runtime = 3.37e-02 || fe_runtime = 3.81e-03 || fe_num = 500 <- opt_x [+5.84e+00 ... -5.12e+00]
$------- Summary -------$:
* func_name: cf_sphere + test_num: 3 + func_dim: 1000
* algo_name: CLPSO + algo_fe_max: 500
   opt_y      --- Mean & Std: 3.11e+04  &  8.63e+01
   runtime    --- Mean & Std: 3.40e-02  &  3.18e-04
   fe_runtime --- Mean & Std: 3.81e-03  &  3.35e-05
   fe_ratio   --- Mean & Std:   11.18%  &     0.00%
   fe_num     --- Mean & Std: 5.00e+02  &  0.00e+00
Total run time: 0.115304 seconds.


* func_name: cf_sphere + test_num: 3 + func_dim: 10000
* algo_name: CLPSO + algo_fe_max: 500
test  1: opt_y = +3.2588e+05 || runtime = 2.21e-01 || fe_runtime = 3.27e-02 || fe_num = 500 <- opt_x [+8.38e+00 ... -6.07e+00]
test  2: opt_y = +3.2484e+05 || runtime = 2.22e-01 || fe_runtime = 3.19e-02 || fe_num = 500 <- opt_x [+6.26e+00 ... +4.43e+00]
test  3: opt_y = +3.2565e+05 || runtime = 2.19e-01 || fe_runtime = 3.24e-02 || fe_num = 500 <- opt_x [+4.54e+00 ... +8.98e+00]
$------- Summary -------$:
* func_name: cf_sphere + test_num: 3 + func_dim: 10000
* algo_name: CLPSO + algo_fe_max: 500
   opt_y      --- Mean & Std: 3.25e+05  &  5.44e+02
   runtime    --- Mean & Std: 2.20e-01  &  1.67e-03
   fe_runtime --- Mean & Std: 3.23e-02  &  3.86e-04
   fe_ratio   --- Mean & Std:   14.66%  &     0.00%
   fe_num     --- Mean & Std: 5.00e+02  &  0.00e+00
Total run time: 0.681638 seconds.


* func_name: cf_sphere + test_num: 3 + func_dim: 100000
* algo_name: CLPSO + algo_fe_max: 500
test  1: opt_y = +3.3105e+06 || runtime = 1.75e+00 || fe_runtime = 1.77e-01 || fe_num = 500 <- opt_x [+3.62e+00 ... -8.54e+00]
test  2: opt_y = +3.3105e+06 || runtime = 1.76e+00 || fe_runtime = 1.67e-01 || fe_num = 500 <- opt_x [-2.62e+00 ... -7.08e+00]
test  3: opt_y = +3.3107e+06 || runtime = 1.62e+00 || fe_runtime = 1.44e-01 || fe_num = 500 <- opt_x [-6.87e+00 ... -7.95e+00]
$------- Summary -------$:
* func_name: cf_sphere + test_num: 3 + func_dim: 100000
* algo_name: CLPSO + algo_fe_max: 500
   opt_y      --- Mean & Std: 3.31e+06  &  1.22e+02
   runtime    --- Mean & Std: 1.71e+00  &  8.00e-02
   fe_runtime --- Mean & Std: 1.63e-01  &  1.69e-02
   fe_ratio   --- Mean & Std:    9.53%  &     0.00%
   fe_num     --- Mean & Std: 5.00e+02  &  0.00e+00
Total run time: 5.250753 seconds.


* func_name: cf_sphere + test_num: 3 + func_dim: 1000000
* algo_name: CLPSO + algo_fe_max: 500
test  1: opt_y = +3.3273e+07 || runtime = 2.24e+01 || fe_runtime = 2.22e+00 || fe_num = 500 <- opt_x [-7.53e+00 ... +1.77e-01]
test  2: opt_y = +3.3258e+07 || runtime = 2.08e+01 || fe_runtime = 1.74e+00 || fe_num = 500 <- opt_x [+8.51e+00 ... +2.75e+00]
test  3: opt_y = +3.3264e+07 || runtime = 2.19e+01 || fe_runtime = 2.00e+00 || fe_num = 500 <- opt_x [-9.02e+00 ... +9.08e+00]
$------- Summary -------$:
* func_name: cf_sphere + test_num: 3 + func_dim: 1000000
* algo_name: CLPSO + algo_fe_max: 500
   opt_y      --- Mean & Std: 3.33e+07  &  7.20e+03
   runtime    --- Mean & Std: 2.17e+01  &  8.68e-01
   fe_runtime --- Mean & Std: 1.99e+00  &  2.40e-01
   fe_ratio   --- Mean & Std:    9.17%  &     0.00%
   fe_num     --- Mean & Std: 5.00e+02  &  0.00e+00
Total run time: 66.001470 seconds.


**************************************************
* func_name: cf_rosenbrock + test_num: 3 + func_dim: 10
* algo_name: CLPSO + algo_fe_max: 500
test  1: opt_y = +1.5526e+05 || runtime = 2.80e-02 || fe_runtime = 1.24e-02 || fe_num = 500 <- opt_x [+3.19e+00 ... +8.32e-01]
test  2: opt_y = +8.6148e+04 || runtime = 1.69e-02 || fe_runtime = 4.86e-03 || fe_num = 500 <- opt_x [-8.87e-01 ... -1.00e+01]
test  3: opt_y = +1.3084e+05 || runtime = 1.55e-02 || fe_runtime = 3.56e-03 || fe_num = 500 <- opt_x [-2.11e+00 ... +4.99e+00]
$------- Summary -------$:
* func_name: cf_rosenbrock + test_num: 3 + func_dim: 10
* algo_name: CLPSO + algo_fe_max: 500
   opt_y      --- Mean & Std: 1.24e+05  &  3.50e+04
   runtime    --- Mean & Std: 2.01e-02  &  6.86e-03
   fe_runtime --- Mean & Std: 6.93e-03  &  4.75e-03
   fe_ratio   --- Mean & Std:   36.91%  &     0.00%
   fe_num     --- Mean & Std: 5.00e+02  &  0.00e+00
Total run time: 0.076528 seconds.


* func_name: cf_rosenbrock + test_num: 3 + func_dim: 100
* algo_name: CLPSO + algo_fe_max: 500
test  1: opt_y = +1.2334e+07 || runtime = 1.78e-02 || fe_runtime = 4.08e-03 || fe_num = 500 <- opt_x [-3.63e+00 ... -2.50e+00]
test  2: opt_y = +1.4216e+07 || runtime = 1.69e-02 || fe_runtime = 3.68e-03 || fe_num = 500 <- opt_x [+3.45e+00 ... -9.88e+00]
test  3: opt_y = +1.3950e+07 || runtime = 1.69e-02 || fe_runtime = 3.77e-03 || fe_num = 500 <- opt_x [-2.82e+00 ... -6.26e+00]
$------- Summary -------$:
* func_name: cf_rosenbrock + test_num: 3 + func_dim: 100
* algo_name: CLPSO + algo_fe_max: 500
   opt_y      --- Mean & Std: 1.35e+07  &  1.02e+06
   runtime    --- Mean & Std: 1.72e-02  &  5.13e-04
   fe_runtime --- Mean & Std: 3.84e-03  &  2.12e-04
   fe_ratio   --- Mean & Std:   22.39%  &     0.00%
   fe_num     --- Mean & Std: 5.00e+02  &  0.00e+00
Total run time: 0.054622 seconds.


* func_name: cf_rosenbrock + test_num: 3 + func_dim: 1000
* algo_name: CLPSO + algo_fe_max: 500
test  1: opt_y = +1.8308e+08 || runtime = 3.87e-02 || fe_runtime = 9.32e-03 || fe_num = 500 <- opt_x [-7.19e-01 ... +5.46e+00]
test  2: opt_y = +1.8545e+08 || runtime = 3.78e-02 || fe_runtime = 9.03e-03 || fe_num = 500 <- opt_x [+6.71e+00 ... -6.13e+00]
test  3: opt_y = +1.8541e+08 || runtime = 3.82e-02 || fe_runtime = 9.19e-03 || fe_num = 500 <- opt_x [+5.84e+00 ... -5.12e+00]
$------- Summary -------$:
* func_name: cf_rosenbrock + test_num: 3 + func_dim: 1000
* algo_name: CLPSO + algo_fe_max: 500
   opt_y      --- Mean & Std: 1.85e+08  &  1.36e+06
   runtime    --- Mean & Std: 3.82e-02  &  4.62e-04
   fe_runtime --- Mean & Std: 9.18e-03  &  1.47e-04
   fe_ratio   --- Mean & Std:   24.02%  &     0.00%
   fe_num     --- Mean & Std: 5.00e+02  &  0.00e+00
Total run time: 0.118538 seconds.


* func_name: cf_rosenbrock + test_num: 3 + func_dim: 10000
* algo_name: CLPSO + algo_fe_max: 500
test  1: opt_y = +1.9728e+09 || runtime = 3.02e-01 || fe_runtime = 1.03e-01 || fe_num = 500 <- opt_x [+9.23e+00 ... -9.73e+00]
test  2: opt_y = +1.9555e+09 || runtime = 2.89e-01 || fe_runtime = 9.87e-02 || fe_num = 500 <- opt_x [+2.28e+00 ... +5.91e-01]
test  3: opt_y = +1.9567e+09 || runtime = 2.77e-01 || fe_runtime = 9.07e-02 || fe_num = 500 <- opt_x [-7.33e+00 ... -5.69e+00]
$------- Summary -------$:
* func_name: cf_rosenbrock + test_num: 3 + func_dim: 10000
* algo_name: CLPSO + algo_fe_max: 500
   opt_y      --- Mean & Std: 1.96e+09  &  9.66e+06
   runtime    --- Mean & Std: 2.89e-01  &  1.25e-02
   fe_runtime --- Mean & Std: 9.76e-02  &  6.41e-03
   fe_ratio   --- Mean & Std:   33.75%  &     0.00%
   fe_num     --- Mean & Std: 5.00e+02  &  0.00e+00
Total run time: 0.885517 seconds.


* func_name: cf_rosenbrock + test_num: 3 + func_dim: 100000
* algo_name: CLPSO + algo_fe_max: 500
test  1: opt_y = +2.0138e+10 || runtime = 2.24e+00 || fe_runtime = 6.82e-01 || fe_num = 500 <- opt_x [+4.03e+00 ... +1.69e-02]
test  2: opt_y = +2.0127e+10 || runtime = 2.27e+00 || fe_runtime = 6.80e-01 || fe_num = 500 <- opt_x [-2.62e+00 ... -7.08e+00]
test  3: opt_y = +2.0129e+10 || runtime = 2.29e+00 || fe_runtime = 7.03e-01 || fe_num = 500 <- opt_x [+7.70e+00 ... -7.19e+00]
$------- Summary -------$:
* func_name: cf_rosenbrock + test_num: 3 + func_dim: 100000
* algo_name: CLPSO + algo_fe_max: 500
   opt_y      --- Mean & Std: 2.01e+10  &  5.94e+06
   runtime    --- Mean & Std: 2.26e+00  &  2.43e-02
   fe_runtime --- Mean & Std: 6.88e-01  &  1.27e-02
   fe_ratio   --- Mean & Std:   30.40%  &     0.00%
   fe_num     --- Mean & Std: 5.00e+02  &  0.00e+00
Total run time: 6.872493 seconds.


* func_name: cf_rosenbrock + test_num: 3 + func_dim: 1000000
* algo_name: CLPSO + algo_fe_max: 500
test  1: opt_y = +2.0269e+11 || runtime = 2.98e+01 || fe_runtime = 9.35e+00 || fe_num = 500 <- opt_x [+2.13e+00 ... +1.47e+00]
test  2: opt_y = +2.0282e+11 || runtime = 3.02e+01 || fe_runtime = 9.17e+00 || fe_num = 500 <- opt_x [+8.51e+00 ... +2.75e+00]
test  3: opt_y = +2.0278e+11 || runtime = 2.73e+01 || fe_runtime = 7.29e+00 || fe_num = 500 <- opt_x [+7.40e+00 ... +6.97e+00]
$------- Summary -------$:
* func_name: cf_rosenbrock + test_num: 3 + func_dim: 1000000
* algo_name: CLPSO + algo_fe_max: 500
   opt_y      --- Mean & Std: 2.03e+11  &  6.84e+07
   runtime    --- Mean & Std: 2.91e+01  &  1.58e+00
   fe_runtime --- Mean & Std: 8.60e+00  &  1.14e+00
   fe_ratio   --- Mean & Std:   29.66%  &     0.00%
   fe_num     --- Mean & Std: 5.00e+02  &  0.00e+00
Total run time: 87.908487 seconds.


**************************************************
* func_name: cf_rastrigin + test_num: 3 + func_dim: 10
* algo_name: CLPSO + algo_fe_max: 500
test  1: opt_y = +1.5693e+02 || runtime = 2.38e-02 || fe_runtime = 7.20e-03 || fe_num = 500 <- opt_x [+1.70e+00 ... +4.43e+00]
test  2: opt_y = +2.0358e+02 || runtime = 1.51e-02 || fe_runtime = 2.14e-03 || fe_num = 500 <- opt_x [+1.21e+00 ... -1.63e+00]
test  3: opt_y = +1.6186e+02 || runtime = 1.34e-02 || fe_runtime = 1.58e-03 || fe_num = 500 <- opt_x [+1.22e+00 ... +1.25e+00]
$------- Summary -------$:
* func_name: cf_rastrigin + test_num: 3 + func_dim: 10
* algo_name: CLPSO + algo_fe_max: 500
   opt_y      --- Mean & Std: 1.74e+02  &  2.56e+01
   runtime    --- Mean & Std: 1.74e-02  &  5.58e-03
   fe_runtime --- Mean & Std: 3.64e-03  &  3.10e-03
   fe_ratio   --- Mean & Std:   23.09%  &     0.00%
   fe_num     --- Mean & Std: 5.00e+02  &  0.00e+00
Total run time: 0.058069 seconds.


* func_name: cf_rastrigin + test_num: 3 + func_dim: 100
* algo_name: CLPSO + algo_fe_max: 500
test  1: opt_y = +3.5841e+03 || runtime = 1.71e-02 || fe_runtime = 3.12e-03 || fe_num = 500 <- opt_x [-5.98e+00 ... +9.93e-01]
test  2: opt_y = +3.6901e+03 || runtime = 1.67e-02 || fe_runtime = 3.32e-03 || fe_num = 500 <- opt_x [-5.95e+00 ... -7.48e+00]
test  3: opt_y = +3.5539e+03 || runtime = 1.61e-02 || fe_runtime = 3.14e-03 || fe_num = 500 <- opt_x [-1.19e+00 ... -5.75e+00]
$------- Summary -------$:
* func_name: cf_rastrigin + test_num: 3 + func_dim: 100
* algo_name: CLPSO + algo_fe_max: 500
   opt_y      --- Mean & Std: 3.61e+03  &  7.15e+01
   runtime    --- Mean & Std: 1.66e-02  &  4.84e-04
   fe_runtime --- Mean & Std: 3.19e-03  &  1.09e-04
   fe_ratio   --- Mean & Std:   19.21%  &     0.00%
   fe_num     --- Mean & Std: 5.00e+02  &  0.00e+00
Total run time: 0.052719 seconds.


* func_name: cf_rastrigin + test_num: 3 + func_dim: 1000
* algo_name: CLPSO + algo_fe_max: 500
test  1: opt_y = +4.1182e+04 || runtime = 5.06e-02 || fe_runtime = 1.62e-02 || fe_num = 500 <- opt_x [-7.19e-01 ... +5.46e+00]
test  2: opt_y = +4.0939e+04 || runtime = 4.74e-02 || fe_runtime = 1.45e-02 || fe_num = 500 <- opt_x [+6.71e+00 ... -6.13e+00]
test  3: opt_y = +4.0741e+04 || runtime = 4.88e-02 || fe_runtime = 1.43e-02 || fe_num = 500 <- opt_x [+5.84e+00 ... -5.12e+00]
$------- Summary -------$:
* func_name: cf_rastrigin + test_num: 3 + func_dim: 1000
* algo_name: CLPSO + algo_fe_max: 500
   opt_y      --- Mean & Std: 4.10e+04  &  2.21e+02
   runtime    --- Mean & Std: 4.90e-02  &  1.61e-03
   fe_runtime --- Mean & Std: 1.50e-02  &  1.08e-03
   fe_ratio   --- Mean & Std:   30.66%  &     0.00%
   fe_num     --- Mean & Std: 5.00e+02  &  0.00e+00
Total run time: 0.155738 seconds.


* func_name: cf_rastrigin + test_num: 3 + func_dim: 10000
* algo_name: CLPSO + algo_fe_max: 500
test  1: opt_y = +4.2575e+05 || runtime = 2.27e-01 || fe_runtime = 4.75e-02 || fe_num = 500 <- opt_x [+8.38e+00 ... -6.07e+00]
test  2: opt_y = +4.2491e+05 || runtime = 2.30e-01 || fe_runtime = 4.56e-02 || fe_num = 500 <- opt_x [+2.28e+00 ... +5.91e-01]
test  3: opt_y = +4.2465e+05 || runtime = 2.26e-01 || fe_runtime = 4.51e-02 || fe_num = 500 <- opt_x [+4.54e+00 ... +8.98e+00]
$------- Summary -------$:
* func_name: cf_rastrigin + test_num: 3 + func_dim: 10000
* algo_name: CLPSO + algo_fe_max: 500
   opt_y      --- Mean & Std: 4.25e+05  &  5.76e+02
   runtime    --- Mean & Std: 2.28e-01  &  2.07e-03
   fe_runtime --- Mean & Std: 4.61e-02  &  1.29e-03
   fe_ratio   --- Mean & Std:   20.21%  &     0.00%
   fe_num     --- Mean & Std: 5.00e+02  &  0.00e+00
Total run time: 0.701997 seconds.


* func_name: cf_rastrigin + test_num: 3 + func_dim: 100000
* algo_name: CLPSO + algo_fe_max: 500
test  1: opt_y = +4.3086e+06 || runtime = 1.80e+00 || fe_runtime = 2.75e-01 || fe_num = 500 <- opt_x [+3.62e+00 ... -8.54e+00]
test  2: opt_y = +4.3102e+06 || runtime = 1.92e+00 || fe_runtime = 3.07e-01 || fe_num = 500 <- opt_x [+9.33e+00 ... +1.74e+00]
test  3: opt_y = +4.3091e+06 || runtime = 1.90e+00 || fe_runtime = 3.04e-01 || fe_num = 500 <- opt_x [-6.87e+00 ... -7.95e+00]
$------- Summary -------$:
* func_name: cf_rastrigin + test_num: 3 + func_dim: 100000
* algo_name: CLPSO + algo_fe_max: 500
   opt_y      --- Mean & Std: 4.31e+06  &  8.16e+02
   runtime    --- Mean & Std: 1.87e+00  &  6.59e-02
   fe_runtime --- Mean & Std: 2.95e-01  &  1.79e-02
   fe_ratio   --- Mean & Std:   15.78%  &     0.00%
   fe_num     --- Mean & Std: 5.00e+02  &  0.00e+00
Total run time: 5.701495 seconds.


* func_name: cf_rastrigin + test_num: 3 + func_dim: 1000000
* algo_name: CLPSO + algo_fe_max: 500
test  1: opt_y = +4.3265e+07 || runtime = 2.27e+01 || fe_runtime = 3.01e+00 || fe_num = 500 <- opt_x [-7.96e+00 ... -8.61e+00]
test  2: opt_y = +4.3252e+07 || runtime = 2.47e+01 || fe_runtime = 3.80e+00 || fe_num = 500 <- opt_x [+8.51e+00 ... +2.75e+00]
test  3: opt_y = +4.3261e+07 || runtime = 2.25e+01 || fe_runtime = 2.88e+00 || fe_num = 500 <- opt_x [-9.02e+00 ... +9.08e+00]
$------- Summary -------$:
* func_name: cf_rastrigin + test_num: 3 + func_dim: 1000000
* algo_name: CLPSO + algo_fe_max: 500
   opt_y      --- Mean & Std: 4.33e+07  &  6.20e+03
   runtime    --- Mean & Std: 2.33e+01  &  1.22e+00
   fe_runtime --- Mean & Std: 3.23e+00  &  4.98e-01
   fe_ratio   --- Mean & Std:   13.90%  &     0.00%
   fe_num     --- Mean & Std: 5.00e+02  &  0.00e+00
Total run time: 70.693932 seconds.


**************************************************
* func_name: cf_griewank + test_num: 3 + func_dim: 10
* algo_name: CLPSO + algo_fe_max: 500
test  1: opt_y = +6.8592e-01 || runtime = 2.32e-02 || fe_runtime = 8.79e-03 || fe_num = 500 <- opt_x [-1.00e+01 ... +1.00e+01]
test  2: opt_y = +8.0285e-01 || runtime = 1.55e-02 || fe_runtime = 3.99e-03 || fe_num = 500 <- opt_x [+1.25e-02 ... -7.65e+00]
test  3: opt_y = +9.4115e-01 || runtime = 1.48e-02 || fe_runtime = 2.91e-03 || fe_num = 500 <- opt_x [-6.33e+00 ... -1.49e+00]
$------- Summary -------$:
* func_name: cf_griewank + test_num: 3 + func_dim: 10
* algo_name: CLPSO + algo_fe_max: 500
   opt_y      --- Mean & Std: 8.10e-01  &  1.28e-01
   runtime    --- Mean & Std: 1.78e-02  &  4.63e-03
   fe_runtime --- Mean & Std: 5.23e-03  &  3.13e-03
   fe_ratio   --- Mean & Std:   30.99%  &     0.00%
   fe_num     --- Mean & Std: 5.00e+02  &  0.00e+00
Total run time: 0.058285 seconds.


* func_name: cf_griewank + test_num: 3 + func_dim: 100
* algo_name: CLPSO + algo_fe_max: 500
test  1: opt_y = +1.6316e+00 || runtime = 1.76e-02 || fe_runtime = 4.31e-03 || fe_num = 500 <- opt_x [-3.63e+00 ... -2.50e+00]
test  2: opt_y = +1.6664e+00 || runtime = 1.71e-02 || fe_runtime = 4.19e-03 || fe_num = 500 <- opt_x [+5.72e+00 ... -1.00e+01]
test  3: opt_y = +1.6445e+00 || runtime = 1.74e-02 || fe_runtime = 4.12e-03 || fe_num = 500 <- opt_x [+4.46e+00 ... -7.56e+00]
$------- Summary -------$:
* func_name: cf_griewank + test_num: 3 + func_dim: 100
* algo_name: CLPSO + algo_fe_max: 500
   opt_y      --- Mean & Std: 1.65e+00  &  1.76e-02
   runtime    --- Mean & Std: 1.73e-02  &  2.48e-04
   fe_runtime --- Mean & Std: 4.21e-03  &  9.57e-05
   fe_ratio   --- Mean & Std:   24.26%  &     0.00%
   fe_num     --- Mean & Std: 5.00e+02  &  0.00e+00
Total run time: 0.054005 seconds.


* func_name: cf_griewank + test_num: 3 + func_dim: 1000
* algo_name: CLPSO + algo_fe_max: 500
test  1: opt_y = +8.8016e+00 || runtime = 5.41e-02 || fe_runtime = 2.07e-02 || fe_num = 500 <- opt_x [-7.19e-01 ... +5.46e+00]
test  2: opt_y = +8.7607e+00 || runtime = 5.16e-02 || fe_runtime = 1.92e-02 || fe_num = 500 <- opt_x [+6.71e+00 ... -6.13e+00]
test  3: opt_y = +8.7931e+00 || runtime = 5.19e-02 || fe_runtime = 1.94e-02 || fe_num = 500 <- opt_x [+5.84e+00 ... -5.12e+00]
$------- Summary -------$:
* func_name: cf_griewank + test_num: 3 + func_dim: 1000
* algo_name: CLPSO + algo_fe_max: 500
   opt_y      --- Mean & Std: 8.79e+00  &  2.16e-02
   runtime    --- Mean & Std: 5.25e-02  &  1.37e-03
   fe_runtime --- Mean & Std: 1.97e-02  &  8.12e-04
   fe_ratio   --- Mean & Std:   37.61%  &     0.00%
   fe_num     --- Mean & Std: 5.00e+02  &  0.00e+00
Total run time: 0.161445 seconds.


* func_name: cf_griewank + test_num: 3 + func_dim: 10000
* algo_name: CLPSO + algo_fe_max: 500
test  1: opt_y = +8.2470e+01 || runtime = 2.59e-01 || fe_runtime = 7.03e-02 || fe_num = 500 <- opt_x [+8.38e+00 ... -6.07e+00]
test  2: opt_y = +8.2211e+01 || runtime = 2.54e-01 || fe_runtime = 6.86e-02 || fe_num = 500 <- opt_x [+6.26e+00 ... +4.43e+00]
test  3: opt_y = +8.2411e+01 || runtime = 2.59e-01 || fe_runtime = 7.00e-02 || fe_num = 500 <- opt_x [+4.54e+00 ... +8.98e+00]
$------- Summary -------$:
* func_name: cf_griewank + test_num: 3 + func_dim: 10000
* algo_name: CLPSO + algo_fe_max: 500
   opt_y      --- Mean & Std: 8.24e+01  &  1.36e-01
   runtime    --- Mean & Std: 2.57e-01  &  3.08e-03
   fe_runtime --- Mean & Std: 6.96e-02  &  8.88e-04
   fe_ratio   --- Mean & Std:   27.07%  &     0.00%
   fe_num     --- Mean & Std: 5.00e+02  &  0.00e+00
Total run time: 0.787960 seconds.


* func_name: cf_griewank + test_num: 3 + func_dim: 100000
* algo_name: CLPSO + algo_fe_max: 500
test  1: opt_y = +8.2863e+02 || runtime = 1.90e+00 || fe_runtime = 3.22e-01 || fe_num = 500 <- opt_x [+3.62e+00 ... -8.54e+00]
test  2: opt_y = +8.2862e+02 || runtime = 1.93e+00 || fe_runtime = 3.45e-01 || fe_num = 500 <- opt_x [-2.62e+00 ... -7.08e+00]
test  3: opt_y = +8.2868e+02 || runtime = 1.88e+00 || fe_runtime = 3.30e-01 || fe_num = 500 <- opt_x [-6.87e+00 ... -7.95e+00]
$------- Summary -------$:
* func_name: cf_griewank + test_num: 3 + func_dim: 100000
* algo_name: CLPSO + algo_fe_max: 500
   opt_y      --- Mean & Std: 8.29e+02  &  3.04e-02
   runtime    --- Mean & Std: 1.90e+00  &  2.33e-02
   fe_runtime --- Mean & Std: 3.32e-01  &  1.15e-02
   fe_ratio   --- Mean & Std:   17.45%  &     0.00%
   fe_num     --- Mean & Std: 5.00e+02  &  0.00e+00
Total run time: 5.798733 seconds.


* func_name: cf_griewank + test_num: 3 + func_dim: 1000000
* algo_name: CLPSO + algo_fe_max: 500
test  1: opt_y = +8.3192e+03 || runtime = 2.58e+01 || fe_runtime = 4.81e+00 || fe_num = 500 <- opt_x [-7.53e+00 ... +1.77e-01]
test  2: opt_y = +8.3156e+03 || runtime = 2.52e+01 || fe_runtime = 4.46e+00 || fe_num = 500 <- opt_x [+8.51e+00 ... +2.75e+00]
test  3: opt_y = +8.3170e+03 || runtime = 2.36e+01 || fe_runtime = 3.29e+00 || fe_num = 500 <- opt_x [-9.02e+00 ... +9.08e+00]
$------- Summary -------$:
* func_name: cf_griewank + test_num: 3 + func_dim: 1000000
* algo_name: CLPSO + algo_fe_max: 500
   opt_y      --- Mean & Std: 8.32e+03  &  1.80e+00
   runtime    --- Mean & Std: 2.49e+01  &  1.11e+00
   fe_runtime --- Mean & Std: 4.18e+00  &  7.98e-01
   fe_ratio   --- Mean & Std:   16.90%  &     0.00%
   fe_num     --- Mean & Std: 5.00e+02  &  0.00e+00
Total run time: 75.425153 seconds.


Run Time: 328.464817 seconds.
