**************************************************
* func_name: cf_sphere + test_num: 3 + func_dim: 1000000
* algo_name: PSO + algo_fe_max: 1000
test  1: opt_y = +1.7669e+07 || runtime = 2.89e+01 || fe_runtime = 1.46e+00 || fe_num = 1000 <- opt_x [+4.66e+00 ... -1.13e+00]
test  2: opt_y = +1.7684e+07 || runtime = 2.88e+01 || fe_runtime = 1.47e+00 || fe_num = 1000 <- opt_x [-2.47e+00 ... +7.83e+00]
test  3: opt_y = +1.7648e+07 || runtime = 2.91e+01 || fe_runtime = 1.45e+00 || fe_num = 1000 <- opt_x [-3.01e+00 ... -7.36e+00]
$------- Summary -------$:
* func_name: cf_sphere + test_num: 3 + func_dim: 1000000
* algo_name: PSO + algo_fe_max: 1000
   opt_y      --- Mean & Std: 1.77e+07  &  1.80e+04
   runtime    --- Mean & Std: 2.89e+01  &  1.68e-01
   fe_runtime --- Mean & Std: 1.46e+00  &  9.86e-03
   fe_ratio   --- Mean & Std:    5.05%  &     0.00%
   fe_num     --- Mean & Std: 1.00e+03  &  0.00e+00
Total run time: 87.913951 seconds.


* func_name: cf_sphere + test_num: 3 + func_dim: 1000000
* algo_name: PSO + algo_fe_max: 2000
test  1: opt_y = +1.6002e+07 || runtime = 5.60e+01 || fe_runtime = 2.89e+00 || fe_num = 2000 <- opt_x [+2.77e+00 ... +2.46e+00]
test  2: opt_y = +1.5980e+07 || runtime = 5.60e+01 || fe_runtime = 2.90e+00 || fe_num = 2000 <- opt_x [-2.31e+00 ... +5.79e+00]
test  3: opt_y = +1.5985e+07 || runtime = 5.56e+01 || fe_runtime = 2.87e+00 || fe_num = 2000 <- opt_x [+9.09e+00 ... -4.86e+00]
$------- Summary -------$:
* func_name: cf_sphere + test_num: 3 + func_dim: 1000000
* algo_name: PSO + algo_fe_max: 2000
   opt_y      --- Mean & Std: 1.60e+07  &  1.15e+04
   runtime    --- Mean & Std: 5.59e+01  &  2.47e-01
   fe_runtime --- Mean & Std: 2.89e+00  &  1.65e-02
   fe_ratio   --- Mean & Std:    5.17%  &     0.00%
   fe_num     --- Mean & Std: 2.00e+03  &  0.00e+00
Total run time: 168.304161 seconds.


* func_name: cf_sphere + test_num: 3 + func_dim: 1000000
* algo_name: PSO + algo_fe_max: 3000
test  1: opt_y = +1.6100e+07 || runtime = 8.24e+01 || fe_runtime = 4.31e+00 || fe_num = 3000 <- opt_x [+3.80e+00 ... +3.58e+00]
test  2: opt_y = +1.6127e+07 || runtime = 8.23e+01 || fe_runtime = 4.36e+00 || fe_num = 3000 <- opt_x [-3.45e+00 ... +2.01e+00]
test  3: opt_y = +1.6116e+07 || runtime = 8.21e+01 || fe_runtime = 4.33e+00 || fe_num = 3000 <- opt_x [+3.27e+00 ... -3.60e+00]
$------- Summary -------$:
* func_name: cf_sphere + test_num: 3 + func_dim: 1000000
* algo_name: PSO + algo_fe_max: 3000
   opt_y      --- Mean & Std: 1.61e+07  &  1.40e+04
   runtime    --- Mean & Std: 8.23e+01  &  1.40e-01
   fe_runtime --- Mean & Std: 4.33e+00  &  2.47e-02
   fe_ratio   --- Mean & Std:    5.26%  &     0.00%
   fe_num     --- Mean & Std: 3.00e+03  &  0.00e+00
Total run time: 247.416610 seconds.


* func_name: cf_sphere + test_num: 3 + func_dim: 1000000
* algo_name: PSO + algo_fe_max: 4000
test  1: opt_y = +1.6067e+07 || runtime = 1.09e+02 || fe_runtime = 5.76e+00 || fe_num = 4000 <- opt_x [+2.08e+00 ... -2.22e+00]
test  2: opt_y = +1.6092e+07 || runtime = 1.09e+02 || fe_runtime = 5.78e+00 || fe_num = 4000 <- opt_x [-5.47e+00 ... +3.83e+00]
test  3: opt_y = +1.6084e+07 || runtime = 1.09e+02 || fe_runtime = 5.74e+00 || fe_num = 4000 <- opt_x [+1.24e+00 ... -6.06e+00]
$------- Summary -------$:
* func_name: cf_sphere + test_num: 3 + func_dim: 1000000
* algo_name: PSO + algo_fe_max: 4000
   opt_y      --- Mean & Std: 1.61e+07  &  1.24e+04
   runtime    --- Mean & Std: 1.09e+02  &  1.25e-01
   fe_runtime --- Mean & Std: 5.76e+00  &  2.21e-02
   fe_ratio   --- Mean & Std:    5.29%  &     0.00%
   fe_num     --- Mean & Std: 4.00e+03  &  0.00e+00
Total run time: 327.587314 seconds.


* func_name: cf_sphere + test_num: 3 + func_dim: 1000000
* algo_name: PSO + algo_fe_max: 5000
test  1: opt_y = +1.6496e+07 || runtime = 1.36e+02 || fe_runtime = 7.21e+00 || fe_num = 5000 <- opt_x [+7.03e+00 ... +2.48e+00]
test  2: opt_y = +1.6360e+07 || runtime = 1.36e+02 || fe_runtime = 7.21e+00 || fe_num = 5000 <- opt_x [-1.00e+01 ... +1.61e+00]
test  3: opt_y = +1.6554e+07 || runtime = 1.36e+02 || fe_runtime = 7.17e+00 || fe_num = 5000 <- opt_x [+8.98e+00 ... -7.30e+00]
$------- Summary -------$:
* func_name: cf_sphere + test_num: 3 + func_dim: 1000000
* algo_name: PSO + algo_fe_max: 5000
   opt_y      --- Mean & Std: 1.65e+07  &  9.97e+04
   runtime    --- Mean & Std: 1.36e+02  &  4.19e-01
   fe_runtime --- Mean & Std: 7.20e+00  &  2.12e-02
   fe_ratio   --- Mean & Std:    5.29%  &     0.00%
   fe_num     --- Mean & Std: 5.00e+03  &  0.00e+00
Total run time: 408.741781 seconds.


**************************************************
* func_name: cf_rosenbrock + test_num: 3 + func_dim: 1000000
* algo_name: PSO + algo_fe_max: 1000
test  1: opt_y = +8.6824e+10 || runtime = 4.04e+01 || fe_runtime = 1.29e+01 || fe_num = 1000 <- opt_x [+5.75e+00 ... -1.02e+00]
test  2: opt_y = +8.6691e+10 || runtime = 4.07e+01 || fe_runtime = 1.30e+01 || fe_num = 1000 <- opt_x [+4.16e+00 ... +1.14e+00]
test  3: opt_y = +8.6926e+10 || runtime = 4.04e+01 || fe_runtime = 1.28e+01 || fe_num = 1000 <- opt_x [+9.57e+00 ... -1.56e+00]
$------- Summary -------$:
* func_name: cf_rosenbrock + test_num: 3 + func_dim: 1000000
* algo_name: PSO + algo_fe_max: 1000
   opt_y      --- Mean & Std: 8.68e+10  &  1.18e+08
   runtime    --- Mean & Std: 4.05e+01  &  1.32e-01
   fe_runtime --- Mean & Std: 1.29e+01  &  8.30e-02
   fe_ratio   --- Mean & Std:   31.77%  &     0.00%
   fe_num     --- Mean & Std: 1.00e+03  &  0.00e+00
Total run time: 122.161772 seconds.


* func_name: cf_rosenbrock + test_num: 3 + func_dim: 1000000
* algo_name: PSO + algo_fe_max: 2000
test  1: opt_y = +9.2966e+10 || runtime = 7.89e+01 || fe_runtime = 2.55e+01 || fe_num = 2000 <- opt_x [+6.26e+00 ... +2.45e-01]
test  2: opt_y = +7.8821e+10 || runtime = 7.80e+01 || fe_runtime = 2.55e+01 || fe_num = 2000 <- opt_x [-1.44e+00 ... -3.72e+00]
test  3: opt_y = +9.3027e+10 || runtime = 7.83e+01 || fe_runtime = 2.56e+01 || fe_num = 2000 <- opt_x [+8.83e+00 ... +4.44e+00]
$------- Summary -------$:
* func_name: cf_rosenbrock + test_num: 3 + func_dim: 1000000
* algo_name: PSO + algo_fe_max: 2000
   opt_y      --- Mean & Std: 8.83e+10  &  8.18e+09
   runtime    --- Mean & Std: 7.84e+01  &  4.86e-01
   fe_runtime --- Mean & Std: 2.55e+01  &  6.84e-02
   fe_ratio   --- Mean & Std:   32.59%  &     0.00%
   fe_num     --- Mean & Std: 2.00e+03  &  0.00e+00
Total run time: 235.799776 seconds.


* func_name: cf_rosenbrock + test_num: 3 + func_dim: 1000000
* algo_name: PSO + algo_fe_max: 3000
test  1: opt_y = +7.4323e+10 || runtime = 1.17e+02 || fe_runtime = 3.83e+01 || fe_num = 3000 <- opt_x [+7.44e+00 ... +5.72e+00]
test  2: opt_y = +7.3873e+10 || runtime = 1.16e+02 || fe_runtime = 3.83e+01 || fe_num = 3000 <- opt_x [-2.12e-01 ... -4.22e-01]
test  3: opt_y = +7.4601e+10 || runtime = 1.17e+02 || fe_runtime = 3.82e+01 || fe_num = 3000 <- opt_x [-1.86e-01 ... +1.06e+00]
$------- Summary -------$:
* func_name: cf_rosenbrock + test_num: 3 + func_dim: 1000000
* algo_name: PSO + algo_fe_max: 3000
   opt_y      --- Mean & Std: 7.43e+10  &  3.67e+08
   runtime    --- Mean & Std: 1.17e+02  &  2.72e-01
   fe_runtime --- Mean & Std: 3.83e+01  &  5.05e-02
   fe_ratio   --- Mean & Std:   32.79%  &     0.00%
   fe_num     --- Mean & Std: 3.00e+03  &  0.00e+00
Total run time: 350.729307 seconds.


* func_name: cf_rosenbrock + test_num: 3 + func_dim: 1000000
* algo_name: PSO + algo_fe_max: 4000
test  1: opt_y = +7.5400e+10 || runtime = 1.53e+02 || fe_runtime = 5.09e+01 || fe_num = 4000 <- opt_x [+3.82e+00 ... -2.71e+00]
test  2: opt_y = +7.4995e+10 || runtime = 1.53e+02 || fe_runtime = 5.11e+01 || fe_num = 4000 <- opt_x [-4.62e+00 ... +6.61e-01]
test  3: opt_y = +7.4765e+10 || runtime = 1.55e+02 || fe_runtime = 5.11e+01 || fe_num = 4000 <- opt_x [+5.84e+00 ... -2.39e+00]
$------- Summary -------$:
* func_name: cf_rosenbrock + test_num: 3 + func_dim: 1000000
* algo_name: PSO + algo_fe_max: 4000
   opt_y      --- Mean & Std: 7.51e+10  &  3.21e+08
   runtime    --- Mean & Std: 1.54e+02  &  8.90e-01
   fe_runtime --- Mean & Std: 5.10e+01  &  1.18e-01
   fe_ratio   --- Mean & Std:   33.17%  &     0.00%
   fe_num     --- Mean & Std: 4.00e+03  &  0.00e+00
Total run time: 462.300949 seconds.


* func_name: cf_rosenbrock + test_num: 3 + func_dim: 1000000
* algo_name: PSO + algo_fe_max: 5000
test  1: opt_y = +7.6819e+10 || runtime = 1.92e+02 || fe_runtime = 6.35e+01 || fe_num = 5000 <- opt_x [+4.25e+00 ... +3.61e+00]
test  2: opt_y = +7.6023e+10 || runtime = 1.92e+02 || fe_runtime = 6.38e+01 || fe_num = 5000 <- opt_x [-2.38e+00 ... -6.73e-01]
test  3: opt_y = +7.6668e+10 || runtime = 1.93e+02 || fe_runtime = 6.37e+01 || fe_num = 5000 <- opt_x [+6.41e+00 ... +2.97e-02]
$------- Summary -------$:
* func_name: cf_rosenbrock + test_num: 3 + func_dim: 1000000
* algo_name: PSO + algo_fe_max: 5000
   opt_y      --- Mean & Std: 7.65e+10  &  4.23e+08
   runtime    --- Mean & Std: 1.93e+02  &  5.75e-01
   fe_runtime --- Mean & Std: 6.37e+01  &  1.27e-01
   fe_ratio   --- Mean & Std:   33.06%  &     0.00%
   fe_num     --- Mean & Std: 5.00e+03  &  0.00e+00
Total run time: 578.467576 seconds.


**************************************************
* func_name: cf_rastrigin + test_num: 3 + func_dim: 1000000
* algo_name: PSO + algo_fe_max: 1000
test  1: opt_y = +2.7316e+07 || runtime = 3.00e+01 || fe_runtime = 3.38e+00 || fe_num = 1000 <- opt_x [+4.04e+00 ... +2.75e-01]
test  2: opt_y = +2.7314e+07 || runtime = 3.02e+01 || fe_runtime = 3.38e+00 || fe_num = 1000 <- opt_x [+4.35e+00 ... -2.34e-01]
test  3: opt_y = +2.7334e+07 || runtime = 3.01e+01 || fe_runtime = 3.39e+00 || fe_num = 1000 <- opt_x [+7.86e+00 ... -4.48e+00]
$------- Summary -------$:
* func_name: cf_rastrigin + test_num: 3 + func_dim: 1000000
* algo_name: PSO + algo_fe_max: 1000
   opt_y      --- Mean & Std: 2.73e+07  &  1.08e+04
   runtime    --- Mean & Std: 3.01e+01  &  8.46e-02
   fe_runtime --- Mean & Std: 3.38e+00  &  4.11e-03
   fe_ratio   --- Mean & Std:   11.23%  &     0.00%
   fe_num     --- Mean & Std: 1.00e+03  &  0.00e+00
Total run time: 90.944766 seconds.


* func_name: cf_rastrigin + test_num: 3 + func_dim: 1000000
* algo_name: PSO + algo_fe_max: 2000
test  1: opt_y = +2.5896e+07 || runtime = 5.92e+01 || fe_runtime = 6.68e+00 || fe_num = 2000 <- opt_x [+5.24e+00 ... -2.11e+00]
test  2: opt_y = +2.5890e+07 || runtime = 5.93e+01 || fe_runtime = 6.68e+00 || fe_num = 2000 <- opt_x [+3.05e-01 ... +7.09e-02]
test  3: opt_y = +2.5605e+07 || runtime = 5.96e+01 || fe_runtime = 6.69e+00 || fe_num = 2000 <- opt_x [-3.83e+00 ... -1.00e+01]
$------- Summary -------$:
* func_name: cf_rastrigin + test_num: 3 + func_dim: 1000000
* algo_name: PSO + algo_fe_max: 2000
   opt_y      --- Mean & Std: 2.58e+07  &  1.67e+05
   runtime    --- Mean & Std: 5.94e+01  &  2.22e-01
   fe_runtime --- Mean & Std: 6.68e+00  &  8.37e-03
   fe_ratio   --- Mean & Std:   11.26%  &     0.00%
   fe_num     --- Mean & Std: 2.00e+03  &  0.00e+00
Total run time: 178.803443 seconds.


* func_name: cf_rastrigin + test_num: 3 + func_dim: 1000000
* algo_name: PSO + algo_fe_max: 3000
test  1: opt_y = +2.5902e+07 || runtime = 8.72e+01 || fe_runtime = 1.00e+01 || fe_num = 3000 <- opt_x [+8.97e+00 ... +2.28e+00]
test  2: opt_y = +2.5909e+07 || runtime = 8.70e+01 || fe_runtime = 9.98e+00 || fe_num = 3000 <- opt_x [+1.53e+00 ... +1.03e+00]
test  3: opt_y = +2.5900e+07 || runtime = 8.69e+01 || fe_runtime = 9.98e+00 || fe_num = 3000 <- opt_x [+7.81e-01 ... -8.30e+00]
$------- Summary -------$:
* func_name: cf_rastrigin + test_num: 3 + func_dim: 1000000
* algo_name: PSO + algo_fe_max: 3000
   opt_y      --- Mean & Std: 2.59e+07  &  4.40e+03
   runtime    --- Mean & Std: 8.70e+01  &  1.29e-01
   fe_runtime --- Mean & Std: 9.99e+00  &  1.02e-02
   fe_ratio   --- Mean & Std:   11.47%  &     0.00%
   fe_num     --- Mean & Std: 3.00e+03  &  0.00e+00
Total run time: 261.762236 seconds.


* func_name: cf_rastrigin + test_num: 3 + func_dim: 1000000
* algo_name: PSO + algo_fe_max: 4000
test  1: opt_y = +2.6343e+07 || runtime = 1.16e+02 || fe_runtime = 1.33e+01 || fe_num = 4000 <- opt_x [+1.55e+00 ... +1.46e+00]
test  2: opt_y = +2.6096e+07 || runtime = 1.16e+02 || fe_runtime = 1.33e+01 || fe_num = 4000 <- opt_x [+3.81e-01 ... -3.01e+00]
test  3: opt_y = +2.6308e+07 || runtime = 1.15e+02 || fe_runtime = 1.33e+01 || fe_num = 4000 <- opt_x [+5.03e+00 ... -2.91e+00]
$------- Summary -------$:
* func_name: cf_rastrigin + test_num: 3 + func_dim: 1000000
* algo_name: PSO + algo_fe_max: 4000
   opt_y      --- Mean & Std: 2.62e+07  &  1.34e+05
   runtime    --- Mean & Std: 1.16e+02  &  5.27e-01
   fe_runtime --- Mean & Std: 1.33e+01  &  2.83e-02
   fe_ratio   --- Mean & Std:   11.50%  &     0.00%
   fe_num     --- Mean & Std: 4.00e+03  &  0.00e+00
Total run time: 347.755113 seconds.


* func_name: cf_rastrigin + test_num: 3 + func_dim: 1000000
* algo_name: PSO + algo_fe_max: 5000
test  1: opt_y = +2.6089e+07 || runtime = 1.48e+02 || fe_runtime = 1.66e+01 || fe_num = 5000 <- opt_x [+6.31e+00 ... +3.99e+00]
test  2: opt_y = +2.6075e+07 || runtime = 1.45e+02 || fe_runtime = 1.66e+01 || fe_num = 5000 <- opt_x [+3.46e+00 ... -4.17e+00]
test  3: opt_y = +2.6083e+07 || runtime = 1.44e+02 || fe_runtime = 1.66e+01 || fe_num = 5000 <- opt_x [+2.11e+00 ... -3.33e+00]
$------- Summary -------$:
* func_name: cf_rastrigin + test_num: 3 + func_dim: 1000000
* algo_name: PSO + algo_fe_max: 5000
   opt_y      --- Mean & Std: 2.61e+07  &  6.89e+03
   runtime    --- Mean & Std: 1.45e+02  &  1.90e+00
   fe_runtime --- Mean & Std: 1.66e+01  &  5.04e-03
   fe_ratio   --- Mean & Std:   11.41%  &     0.00%
   fe_num     --- Mean & Std: 5.00e+03  &  0.00e+00
Total run time: 436.824394 seconds.


**************************************************
* func_name: cf_griewank + test_num: 3 + func_dim: 1000000
* algo_name: PSO + algo_fe_max: 1000
test  1: opt_y = +4.4212e+03 || runtime = 3.09e+01 || fe_runtime = 3.82e+00 || fe_num = 1000 <- opt_x [+9.05e+00 ... -3.54e+00]
test  2: opt_y = +4.4186e+03 || runtime = 3.11e+01 || fe_runtime = 3.84e+00 || fe_num = 1000 <- opt_x [-1.19e+00 ... -5.35e+00]
test  3: opt_y = +4.4204e+03 || runtime = 3.10e+01 || fe_runtime = 3.84e+00 || fe_num = 1000 <- opt_x [+1.26e+00 ... -9.81e+00]
$------- Summary -------$:
* func_name: cf_griewank + test_num: 3 + func_dim: 1000000
* algo_name: PSO + algo_fe_max: 1000
   opt_y      --- Mean & Std: 4.42e+03  &  1.32e+00
   runtime    --- Mean & Std: 3.10e+01  &  7.67e-02
   fe_runtime --- Mean & Std: 3.83e+00  &  9.97e-03
   fe_ratio   --- Mean & Std:   12.37%  &     0.00%
   fe_num     --- Mean & Std: 1.00e+03  &  0.00e+00
Total run time: 93.586894 seconds.


* func_name: cf_griewank + test_num: 3 + func_dim: 1000000
* algo_name: PSO + algo_fe_max: 2000
test  1: opt_y = +3.9934e+03 || runtime = 6.20e+01 || fe_runtime = 7.77e+00 || fe_num = 2000 <- opt_x [+8.80e+00 ... -6.01e-01]
test  2: opt_y = +3.9967e+03 || runtime = 6.05e+01 || fe_runtime = 7.67e+00 || fe_num = 2000 <- opt_x [-1.72e+00 ... -2.13e+00]
test  3: opt_y = +3.9942e+03 || runtime = 6.05e+01 || fe_runtime = 7.66e+00 || fe_num = 2000 <- opt_x [+4.46e+00 ... -1.40e+00]
$------- Summary -------$:
* func_name: cf_griewank + test_num: 3 + func_dim: 1000000
* algo_name: PSO + algo_fe_max: 2000
   opt_y      --- Mean & Std: 3.99e+03  &  1.70e+00
   runtime    --- Mean & Std: 6.10e+01  &  8.45e-01
   fe_runtime --- Mean & Std: 7.70e+00  &  6.18e-02
   fe_ratio   --- Mean & Std:   12.63%  &     0.00%
   fe_num     --- Mean & Std: 2.00e+03  &  0.00e+00
Total run time: 183.568960 seconds.


* func_name: cf_griewank + test_num: 3 + func_dim: 1000000
* algo_name: PSO + algo_fe_max: 3000
test  1: opt_y = +4.0287e+03 || runtime = 8.96e+01 || fe_runtime = 1.15e+01 || fe_num = 3000 <- opt_x [+2.78e+00 ... -3.36e+00]
test  2: opt_y = +4.0273e+03 || runtime = 8.87e+01 || fe_runtime = 1.15e+01 || fe_num = 3000 <- opt_x [-9.02e+00 ... +6.82e+00]
test  3: opt_y = +4.0312e+03 || runtime = 9.00e+01 || fe_runtime = 1.15e+01 || fe_num = 3000 <- opt_x [+5.81e+00 ... -8.19e+00]
$------- Summary -------$:
* func_name: cf_griewank + test_num: 3 + func_dim: 1000000
* algo_name: PSO + algo_fe_max: 3000
   opt_y      --- Mean & Std: 4.03e+03  &  1.98e+00
   runtime    --- Mean & Std: 8.95e+01  &  6.63e-01
   fe_runtime --- Mean & Std: 1.15e+01  &  2.20e-02
   fe_ratio   --- Mean & Std:   12.83%  &     0.00%
   fe_num     --- Mean & Std: 3.00e+03  &  0.00e+00
Total run time: 268.999773 seconds.


* func_name: cf_griewank + test_num: 3 + func_dim: 1000000
* algo_name: PSO + algo_fe_max: 4000
test  1: opt_y = +4.0174e+03 || runtime = 1.20e+02 || fe_runtime = 1.54e+01 || fe_num = 4000 <- opt_x [+7.39e+00 ... +3.21e-01]
test  2: opt_y = +4.0278e+03 || runtime = 1.19e+02 || fe_runtime = 1.53e+01 || fe_num = 4000 <- opt_x [-4.77e+00 ... +4.64e+00]
test  3: opt_y = +4.0250e+03 || runtime = 1.19e+02 || fe_runtime = 1.54e+01 || fe_num = 4000 <- opt_x [+7.26e+00 ... +2.35e+00]
$------- Summary -------$:
* func_name: cf_griewank + test_num: 3 + func_dim: 1000000
* algo_name: PSO + algo_fe_max: 4000
   opt_y      --- Mean & Std: 4.02e+03  &  5.35e+00
   runtime    --- Mean & Std: 1.19e+02  &  4.98e-01
   fe_runtime --- Mean & Std: 1.54e+01  &  5.75e-02
   fe_ratio   --- Mean & Std:   12.89%  &     0.00%
   fe_num     --- Mean & Std: 4.00e+03  &  0.00e+00
Total run time: 358.175858 seconds.


* func_name: cf_griewank + test_num: 3 + func_dim: 1000000
* algo_name: PSO + algo_fe_max: 5000
test  1: opt_y = +4.1580e+03 || runtime = 1.48e+02 || fe_runtime = 1.92e+01 || fe_num = 5000 <- opt_x [-3.42e+00 ... -1.73e+00]
test  2: opt_y = +4.1579e+03 || runtime = 1.50e+02 || fe_runtime = 1.92e+01 || fe_num = 5000 <- opt_x [-2.67e+00 ... +1.16e+00]
test  3: opt_y = +4.0915e+03 || runtime = 1.47e+02 || fe_runtime = 1.92e+01 || fe_num = 5000 <- opt_x [+8.53e+00 ... -7.31e+00]
$------- Summary -------$:
* func_name: cf_griewank + test_num: 3 + func_dim: 1000000
* algo_name: PSO + algo_fe_max: 5000
   opt_y      --- Mean & Std: 4.14e+03  &  3.84e+01
   runtime    --- Mean & Std: 1.48e+02  &  1.74e+00
   fe_runtime --- Mean & Std: 1.92e+01  &  1.28e-02
   fe_ratio   --- Mean & Std:   12.91%  &     0.00%
   fe_num     --- Mean & Std: 5.00e+03  &  0.00e+00
Total run time: 446.022870 seconds.


Run Time: 5655.911037 seconds.
