                            < M A T L A B (R) >
                  Copyright 1984-2016 The MathWorks, Inc.
                   R2016b (9.1.0.441655) 64-bit (glnxa64)
                             September 7, 2016

* func_name: cf_schwefel12 + test_num: 3 + func_dim: 10
* algo_name: CLPSO + algo_fe_max: 500
test  1: opt_y = +7.5962e+01 || runtime = 1.13e-01 || fe_runtime = 1.34e-02 || fe_num = 500 <- opt_x [+2.54e+00 ... -3.97e+00]
test  2: opt_y = +1.1937e+02 || runtime = 1.88e-02 || fe_runtime = 7.34e-03 || fe_num = 500 <- opt_x [+3.06e+00 ... -4.72e+00]
test  3: opt_y = +9.2621e+01 || runtime = 1.61e-02 || fe_runtime = 6.41e-03 || fe_num = 500 <- opt_x [-9.08e-01 ... +2.94e+00]
$------- Summary -------$:
* func_name: cf_schwefel12 + test_num: 3 + func_dim: 10
* algo_name: CLPSO + algo_fe_max: 500
   opt_y      --- Mean & Std: 9.60e+01  &  2.19e+01
   runtime    --- Mean & Std: 4.93e-02  &  5.51e-02
   fe_runtime --- Mean & Std: 9.04e-03  &  3.79e-03
   fe_ratio   --- Mean & Std:   13.11%  &     0.00%
   fe_num     --- Mean & Std: 5.00e+02  &  0.00e+00
Total run time: 0.393922 seconds.


* func_name: cf_schwefel12 + test_num: 3 + func_dim: 100
* algo_name: CLPSO + algo_fe_max: 500
test  1: opt_y = +9.9185e+03 || runtime = 9.90e-02 || fe_runtime = 7.13e-02 || fe_num = 500 <- opt_x [-4.58e+00 ... +1.51e+00]
test  2: opt_y = +9.9202e+03 || runtime = 7.27e-02 || fe_runtime = 5.48e-02 || fe_num = 500 <- opt_x [-1.53e-01 ... -3.63e+00]
test  3: opt_y = +1.0088e+04 || runtime = 7.17e-02 || fe_runtime = 5.72e-02 || fe_num = 500 <- opt_x [-8.34e+00 ... +4.42e+00]
$------- Summary -------$:
* func_name: cf_schwefel12 + test_num: 3 + func_dim: 100
* algo_name: CLPSO + algo_fe_max: 500
   opt_y      --- Mean & Std: 9.98e+03  &  9.74e+01
   runtime    --- Mean & Std: 8.12e-02  &  1.55e-02
   fe_runtime --- Mean & Std: 6.11e-02  &  8.88e-03
   fe_ratio   --- Mean & Std:   74.85%  &     0.00%
   fe_num     --- Mean & Std: 5.00e+02  &  0.00e+00
Total run time: 0.261564 seconds.


* func_name: cf_schwefel12 + test_num: 3 + func_dim: 1000
* algo_name: CLPSO + algo_fe_max: 500
test  1: opt_y = +8.3988e+05 || runtime = 1.24e+00 || fe_runtime = 1.21e+00 || fe_num = 500 <- opt_x [+9.26e+00 ... +5.77e-01]
test  2: opt_y = +1.1618e+06 || runtime = 1.16e+00 || fe_runtime = 1.13e+00 || fe_num = 500 <- opt_x [+6.83e+00 ... -3.95e+00]
test  3: opt_y = +1.3341e+06 || runtime = 1.17e+00 || fe_runtime = 1.14e+00 || fe_num = 500 <- opt_x [-4.36e+00 ... +5.22e+00]
$------- Summary -------$:
* func_name: cf_schwefel12 + test_num: 3 + func_dim: 1000
* algo_name: CLPSO + algo_fe_max: 500
   opt_y      --- Mean & Std: 1.11e+06  &  2.51e+05
   runtime    --- Mean & Std: 1.19e+00  &  4.41e-02
   fe_runtime --- Mean & Std: 1.16e+00  &  4.29e-02
   fe_ratio   --- Mean & Std:   97.26%  &     0.00%
   fe_num     --- Mean & Std: 5.00e+02  &  0.00e+00
Total run time: 3.589960 seconds.


* func_name: cf_schwefel12 + test_num: 3 + func_dim: 10000
* algo_name: CLPSO + algo_fe_max: 500
test  1: opt_y = +8.0847e+07 || runtime = 7.02e+01 || fe_runtime = 6.99e+01 || fe_num = 500 <- opt_x [-8.69e+00 ... -8.06e+00]
test  2: opt_y = +8.0524e+07 || runtime = 6.95e+01 || fe_runtime = 6.93e+01 || fe_num = 500 <- opt_x [-7.81e+00 ... +4.16e+00]
test  3: opt_y = +6.9554e+07 || runtime = 6.88e+01 || fe_runtime = 6.86e+01 || fe_num = 500 <- opt_x [+7.38e+00 ... -1.55e+00]
$------- Summary -------$:
* func_name: cf_schwefel12 + test_num: 3 + func_dim: 10000
* algo_name: CLPSO + algo_fe_max: 500
   opt_y      --- Mean & Std: 7.70e+07  &  6.43e+06
   runtime    --- Mean & Std: 6.95e+01  &  6.72e-01
   fe_runtime --- Mean & Std: 6.92e+01  &  6.49e-01
   fe_ratio   --- Mean & Std:   99.60%  &     0.00%
   fe_num     --- Mean & Std: 5.00e+02  &  0.00e+00
Total run time: 208.591756 seconds.


* func_name: cf_schwefel12 + test_num: 3 + func_dim: 100000
* algo_name: CLPSO + algo_fe_max: 500
test  1: opt_y = +6.9872e+09 || runtime = 7.34e+03 || fe_runtime = 7.34e+03 || fe_num = 500 <- opt_x [+7.34e+00 ... +2.69e+00]
test  2: opt_y = +6.6784e+09 || runtime = 7.37e+03 || fe_runtime = 7.37e+03 || fe_num = 500 <- opt_x [-5.03e+00 ... +6.27e+00]
test  3: opt_y = +7.3788e+09 || runtime = 7.29e+03 || fe_runtime = 7.29e+03 || fe_num = 500 <- opt_x [+3.45e+00 ... +3.74e+00]
$------- Summary -------$:
* func_name: cf_schwefel12 + test_num: 3 + func_dim: 100000
* algo_name: CLPSO + algo_fe_max: 500
   opt_y      --- Mean & Std: 7.01e+09  &  3.51e+08
   runtime    --- Mean & Std: 7.34e+03  &  4.37e+01
   fe_runtime --- Mean & Std: 7.33e+03  &  4.36e+01
   fe_ratio   --- Mean & Std:   99.97%  &     0.00%
   fe_num     --- Mean & Std: 5.00e+02  &  0.00e+00
Total run time: 22006.760264 seconds.


Run Time: 22219.621961 seconds.
